Total 843 files, read latest 654 from 3
   30.287 -
   30.733 -
2019-05-09 22:33:05 1545336000000.t2t buy at 30.7330000
   29.993   -0.000 buy
2019-05-09 22:33:05  closed at 1545350400000.t2t with 29.9930000
2019-05-09 22:33:05 1545350400000.t2t sell at 29.9930000
 -29.872     0.000 sell
2019-05-09 22:33:05 greedy signal sell at 29.993 => 29.872
 -30.633    29.872 sell
2019-05-09 22:33:05  closed at 1545379200000.t2t with 30.6330000
2019-05-09 22:33:05 1545379200000.t2t buy at 30.6330000
   29.870   -0.000 buy
2019-05-09 22:33:05  closed at 1545393600000.t2t with 29.8700000
2019-05-09 22:33:05 1545393600000.t2t sell at 29.8700000
 -29.086     0.000 sell
2019-05-09 22:33:05 greedy signal sell at 29.87 => 29.086
 -29.276    29.086 sell
2019-05-09 22:33:05 greedy signal sell at 29.086 => 29.276
 -28.888    29.086 sell
2019-05-09 22:33:05  closed at 1545436800000.t2t with 28.8880000
2019-05-09 22:33:05 1545436800000.t2t sell at 28.8880000
 -29.091     0.000 sell
2019-05-09 22:33:05 greedy signal sell at 28.888 => 29.091
 -29.630    29.091 sell
2019-05-09 22:33:05 greedy signal sell at 29.091 => 29.63
 -29.201    29.091 sell
2019-05-09 22:33:05  closed at 1545480000000.t2t with 29.2010000
2019-05-09 22:33:05 1545480000000.t2t sell at 29.2010000
 -29.661     0.000 sell
2019-05-09 22:33:05  closed at 1545494400000.t2t with 29.6610000
2019-05-09 22:33:05 1545494400000.t2t buy at 29.6610000
   30.354   -0.000 buy
2019-05-09 22:33:05 greedy signal buy at 29.661 => 30.354
   30.616  -30.354 buy
2019-05-09 22:33:05  closed at 1545523200000.t2t with 30.6160000
2019-05-09 22:33:05 1545523200000.t2t buy at 30.6160000
   30.710   -0.000 buy
2019-05-09 22:33:05 greedy signal buy at 30.616 => 30.71
   31.664  -30.710 buy
2019-05-09 22:33:05  closed at 1545552000000.t2t with 31.6640000
2019-05-09 22:33:05 1545552000000.t2t buy at 31.6640000
   30.716   -0.000 buy
2019-05-09 22:33:05 greedy signal buy at 31.664 => 30.716
   31.900  -30.716 buy
2019-05-09 22:33:05  closed at 1545580800000.t2t with 31.9000000
2019-05-09 22:33:05 1545580800000.t2t buy at 31.9000000
   31.841   -0.000 buy
2019-05-09 22:33:05 greedy signal buy at 31.9 => 31.841
   34.312  -31.841 buy
2019-05-09 22:33:05  closed at 1545609600000.t2t with 34.3120000
2019-05-09 22:33:05 1545609600000.t2t buy at 34.3120000
   34.303   -0.000 buy
2019-05-09 22:33:05 greedy signal buy at 34.312 => 34.303
   33.168  -34.303 buy
2019-05-09 22:33:05 greedy signal buy at 34.303 => 33.168
   32.790  -34.303 buy
2019-05-09 22:33:05 greedy signal buy at 33.168 => 32.79
   31.430  -34.303 buy
2019-05-09 22:33:05  closed at 1545667200000.t2t with 31.4300000
2019-05-09 22:33:05 1545667200000.t2t sell at 31.4300000
 -31.043     0.000 sell
2019-05-09 22:33:05 greedy signal sell at 31.43 => 31.043
 -28.663    31.043 sell
2019-05-09 22:33:05  closed at 1545696000000.t2t with 28.6630000
2019-05-09 22:33:05 1545696000000.t2t sell at 28.6630000
 -29.255     0.000 sell
2019-05-09 22:33:05 greedy signal sell at 28.663 => 29.255
 -29.036    29.255 sell
2019-05-09 22:33:05  closed at 1545724800000.t2t with 29.0360000
2019-05-09 22:33:05 1545724800000.t2t sell at 29.0360000
 -28.294     0.000 sell
2019-05-09 22:33:05 greedy signal sell at 29.036 => 28.294
 -28.809    28.294 sell
2019-05-09 22:33:05 greedy signal sell at 28.294 => 28.809
 -29.241    28.294 sell
2019-05-09 22:33:05 greedy signal sell at 28.809 => 29.241
 -29.947    28.294 sell
2019-05-09 22:33:05  closed at 1545782400000.t2t with 29.9470000
2019-05-09 22:33:05 1545782400000.t2t buy at 29.9470000
   29.473   -0.000 buy
2019-05-09 22:33:05 greedy signal buy at 29.947 => 29.473
   28.819  -29.473 buy
2019-05-09 22:33:05 greedy signal buy at 29.473 => 28.819
   28.050  -29.473 buy
2019-05-09 22:33:06  closed at 1545825600000.t2t with 28.0500000
2019-05-09 22:33:06 1545825600000.t2t sell at 28.0500000
 -28.711     0.000 sell
2019-05-09 22:33:06 greedy signal sell at 28.05 => 28.711
 -28.982    28.711 sell
2019-05-09 22:33:06 greedy signal sell at 28.711 => 28.982
 -27.985    28.711 sell
2019-05-09 22:33:06  closed at 1545868800000.t2t with 27.9850000
2019-05-09 22:33:06 1545868800000.t2t sell at 27.9850000
 -27.980     0.000 sell
2019-05-09 22:33:06 greedy signal sell at 27.985 => 27.98
 -28.009    27.980 sell
2019-05-09 22:33:06 greedy signal sell at 27.98 => 28.009
 -27.754    27.980 sell
2019-05-09 22:33:06  closed at 1545912000000.t2t with 27.7540000
2019-05-09 22:33:06 1545912000000.t2t sell at 27.7540000
 -26.340     0.000 sell
2019-05-09 22:33:06 greedy signal sell at 27.754 => 26.34
 -26.457    26.340 sell
2019-05-09 22:33:06 greedy signal sell at 26.34 => 26.457
 -26.442    26.340 sell
2019-05-09 22:33:06  closed at 1545955200000.t2t with 26.4420000
2019-05-09 22:33:06 1545955200000.t2t sell at 26.4420000
 -26.611     0.000 sell
2019-05-09 22:33:06  closed at 1545969600000.t2t with 26.6110000
2019-05-09 22:33:06 1545969600000.t2t buy at 26.6110000
   27.765   -0.000 buy
2019-05-09 22:33:06 greedy signal buy at 26.611 => 27.765
   29.892  -27.765 buy
2019-05-09 22:33:06  closed at 1545998400000.t2t with 29.8920000
2019-05-09 22:33:06 1545998400000.t2t buy at 29.8920000
   30.574   -0.000 buy
2019-05-09 22:33:06 greedy signal buy at 29.892 => 30.574
   30.625  -30.574 buy
2019-05-09 22:33:06  closed at 1546027200000.t2t with 30.6250000
2019-05-09 22:33:06 1546027200000.t2t buy at 30.6250000
   30.423   -0.000 buy
2019-05-09 22:33:06 greedy signal buy at 30.625 => 30.423
   30.883  -30.423 buy
2019-05-09 22:33:06  closed at 1546056000000.t2t with 30.8830000
2019-05-09 22:33:06 1546056000000.t2t buy at 30.8830000
   30.223   -0.000 buy
2019-05-09 22:33:06 greedy signal buy at 30.883 => 30.223
   30.393  -30.223 buy
2019-05-09 22:33:06  closed at 1546084800000.t2t with 30.3930000
2019-05-09 22:33:06 1546084800000.t2t buy at 30.3930000
   29.867   -0.000 buy
2019-05-09 22:33:06 greedy signal buy at 30.393 => 29.867
   29.080  -29.867 buy
2019-05-09 22:33:06 greedy signal buy at 29.867 => 29.08
   29.190  -29.867 buy
2019-05-09 22:33:06  closed at 1546128000000.t2t with 29.1900000
2019-05-09 22:33:06 1546128000000.t2t buy at 29.1900000
   29.408   -0.000 buy
2019-05-09 22:33:06 greedy signal buy at 29.19 => 29.408
   30.047  -29.408 buy
2019-05-09 22:33:06  closed at 1546156800000.t2t with 30.0470000
2019-05-09 22:33:06 1546156800000.t2t buy at 30.0470000
   29.910   -0.000 buy
2019-05-09 22:33:06 greedy signal buy at 30.047 => 29.91
   29.912  -29.910 buy
2019-05-09 22:33:06  closed at 1546185600000.t2t with 29.9120000
2019-05-09 22:33:06 1546185600000.t2t buy at 29.9120000
   30.292   -0.000 buy
2019-05-09 22:33:06 greedy signal buy at 29.912 => 30.292
   29.480  -30.292 buy
2019-05-09 22:33:06  closed at 1546214400000.t2t with 29.4800000
2019-05-09 22:33:06 1546214400000.t2t sell at 29.4800000
 -29.597     0.000 sell
2019-05-09 22:33:06 greedy signal sell at 29.48 => 29.597
 -29.043    29.597 sell
2019-05-09 22:33:06  closed at 1546243200000.t2t with 29.0430000
2019-05-09 22:33:06 1546243200000.t2t sell at 29.0430000
 -29.337     0.000 sell
2019-05-09 22:33:06 greedy signal sell at 29.043 => 29.337
 -28.694    29.337 sell
2019-05-09 22:33:06  closed at 1546272000000.t2t with 28.6940000
2019-05-09 22:33:06 1546272000000.t2t sell at 28.6940000
 -28.673     0.000 sell
2019-05-09 22:33:06 greedy signal sell at 28.694 => 28.673
 -28.640    28.673 sell
2019-05-09 22:33:06  closed at 1546300800000.t2t with 28.6400000
2019-05-09 22:33:06 1546300800000.t2t sell at 28.6400000
 -29.127     0.000 sell
2019-05-09 22:33:06 greedy signal sell at 28.64 => 29.127
 -29.286    29.127 sell
2019-05-09 22:33:06 greedy signal sell at 29.127 => 29.286
 -28.985    29.127 sell
2019-05-09 22:33:06  closed at 1546344000000.t2t with 28.9850000
2019-05-09 22:33:06 1546344000000.t2t sell at 28.9850000
 -29.355     0.000 sell
2019-05-09 22:33:06 greedy signal sell at 28.985 => 29.355
 -30.324    29.355 sell
2019-05-09 22:33:06  closed at 1546372800000.t2t with 30.3240000
2019-05-09 22:33:06 1546372800000.t2t buy at 30.3240000
   30.449   -0.000 buy
2019-05-09 22:33:06 greedy signal buy at 30.324 => 30.449
   30.531  -30.449 buy
2019-05-09 22:33:06  closed at 1546401600000.t2t with 30.5310000
2019-05-09 22:33:06 1546401600000.t2t buy at 30.5310000
   31.091   -0.000 buy
2019-05-09 22:33:06 greedy signal buy at 30.531 => 31.091
   30.954  -31.091 buy
2019-05-09 22:33:06 greedy signal buy at 31.091 => 30.954
   31.381  -31.091 buy
2019-05-09 22:33:06  closed at 1546444800000.t2t with 31.3810000
2019-05-09 22:33:06 1546444800000.t2t buy at 31.3810000
   31.610   -0.000 buy
2019-05-09 22:33:06 greedy signal buy at 31.381 => 31.61
   31.464  -31.610 buy
2019-05-09 22:33:06 greedy signal buy at 31.61 => 31.464
   31.341  -31.610 buy
2019-05-09 22:33:06 greedy signal buy at 31.464 => 31.341
   30.591  -31.610 buy
2019-05-09 22:33:06 greedy signal buy at 31.341 => 30.591
   30.583  -31.610 buy
2019-05-09 22:33:06 greedy signal buy at 30.591 => 30.583
   29.740  -31.610 buy
2019-05-09 22:33:06 greedy signal buy at 30.583 => 29.74
   30.188  -31.610 buy
2019-05-09 22:33:06  closed at 1546545600000.t2t with 30.1880000
2019-05-09 22:33:06 1546545600000.t2t buy at 30.1880000
   30.528   -0.000 buy
2019-05-09 22:33:06 greedy signal buy at 30.188 => 30.528
   30.853  -30.528 buy
2019-05-09 22:33:06  closed at 1546574400000.t2t with 30.8530000
2019-05-09 22:33:06 1546574400000.t2t buy at 30.8530000
   30.450   -0.000 buy
2019-05-09 22:33:06  closed at 1546588800000.t2t with 30.4500000
2019-05-09 22:33:06 1546588800000.t2t sell at 30.4500000
 -30.011     0.000 sell
2019-05-09 22:33:06 greedy signal sell at 30.45 => 30.011
 -30.310    30.011 sell
2019-05-09 22:33:06 greedy signal sell at 30.011 => 30.31
 -30.733    30.011 sell
2019-05-09 22:33:06  closed at 1546632000000.t2t with 30.7330000
2019-05-09 22:33:06 1546632000000.t2t buy at 30.7330000
   31.760   -0.000 buy
2019-05-09 22:33:06 greedy signal buy at 30.733 => 31.76
   31.435  -31.760 buy
2019-05-09 22:33:06 greedy signal buy at 31.76 => 31.435
   32.581  -31.760 buy
2019-05-09 22:33:06  closed at 1546675200000.t2t with 32.5810000
2019-05-09 22:33:06 1546675200000.t2t buy at 32.5810000
   33.492   -0.000 buy
2019-05-09 22:33:06 greedy signal buy at 32.581 => 33.492
   33.590  -33.492 buy
2019-05-09 22:33:06  closed at 1546704000000.t2t with 33.5900000
2019-05-09 22:33:06 1546704000000.t2t buy at 33.5900000
   32.926   -0.000 buy
2019-05-09 22:33:06 greedy signal buy at 33.59 => 32.926
   33.138  -32.926 buy
2019-05-09 22:33:06  closed at 1546732800000.t2t with 33.1380000
2019-05-09 22:33:06 1546732800000.t2t buy at 33.1380000
   33.188   -0.000 buy
2019-05-09 22:33:06 greedy signal buy at 33.138 => 33.188
   35.622  -33.188 buy
2019-05-09 22:33:06  closed at 1546761600000.t2t with 35.6220000
2019-05-09 22:33:06 1546761600000.t2t buy at 35.6220000
   36.178   -0.000 buy
2019-05-09 22:33:06 greedy signal buy at 35.622 => 36.178
   37.223  -36.178 buy
2019-05-09 22:33:06  closed at 1546790400000.t2t with 37.2230000
2019-05-09 22:33:06 1546790400000.t2t buy at 37.2230000
   37.070   -0.000 buy
2019-05-09 22:33:06 greedy signal buy at 37.223 => 37.07
   36.704  -37.070 buy
2019-05-09 22:33:06 greedy signal buy at 37.07 => 36.704
   37.566  -37.070 buy
2019-05-09 22:33:06  closed at 1546833600000.t2t with 37.5660000
2019-05-09 22:33:06 1546833600000.t2t buy at 37.5660000
   36.694   -0.000 buy
2019-05-09 22:33:06 greedy signal buy at 37.566 => 36.694
   36.491  -36.694 buy
2019-05-09 22:33:06 greedy signal buy at 36.694 => 36.491
   36.719  -36.694 buy
2019-05-09 22:33:06  closed at 1546876800000.t2t with 36.7190000
2019-05-09 22:33:06 1546876800000.t2t buy at 36.7190000
   36.141   -0.000 buy
2019-05-09 22:33:06 greedy signal buy at 36.719 => 36.141
   36.300  -36.141 buy
2019-05-09 22:33:06  closed at 1546905600000.t2t with 36.3000000
2019-05-09 22:33:06 1546905600000.t2t buy at 36.3000000
   36.659   -0.000 buy
2019-05-09 22:33:06 greedy signal buy at 36.3 => 36.659
   37.938  -36.659 buy
2019-05-09 22:33:06  closed at 1546934400000.t2t with 37.9380000
2019-05-09 22:33:06 1546934400000.t2t buy at 37.9380000
   38.088   -0.000 buy
2019-05-09 22:33:06 greedy signal buy at 37.938 => 38.088
   37.383  -38.088 buy
2019-05-09 22:33:06 greedy signal buy at 38.088 => 37.383
   37.249  -38.088 buy
2019-05-09 22:33:06 greedy signal buy at 37.383 => 37.249
   37.730  -38.088 buy
2019-05-09 22:33:06  closed at 1546992000000.t2t with 37.7300000
2019-05-09 22:33:06 1546992000000.t2t buy at 37.7300000
   37.443   -0.000 buy
2019-05-09 22:33:06  closed at 1547006400000.t2t with 37.4430000
2019-05-09 22:33:06 1547006400000.t2t sell at 37.4430000
 -37.712     0.000 sell
2019-05-09 22:33:06  closed at 1547020800000.t2t with 37.7120000
2019-05-09 22:33:06 1547020800000.t2t buy at 37.7120000
   37.078   -0.000 buy
2019-05-09 22:33:06  closed at 1547035200000.t2t with 37.0780000
2019-05-09 22:33:06 1547035200000.t2t sell at 37.0780000
 -37.466     0.000 sell
2019-05-09 22:33:06  closed at 1547049600000.t2t with 37.4660000
2019-05-09 22:33:06 1547049600000.t2t buy at 37.4660000
   36.877   -0.000 buy
2019-05-09 22:33:06  closed at 1547064000000.t2t with 36.8770000
2019-05-09 22:33:06 1547064000000.t2t sell at 36.8770000
 -37.256     0.000 sell
2019-05-09 22:33:06  closed at 1547078400000.t2t with 37.2560000
2019-05-09 22:33:06 1547078400000.t2t buy at 37.2560000
   34.051   -0.000 buy
2019-05-09 22:33:06  closed at 1547092800000.t2t with 34.0510000
2019-05-09 22:33:06 1547092800000.t2t sell at 34.0510000
 -32.952     0.000 sell
2019-05-09 22:33:06 greedy signal sell at 34.051 => 32.952
 -32.573    32.952 sell
2019-05-09 22:33:06  closed at 1547121600000.t2t with 32.5730000
2019-05-09 22:33:06 1547121600000.t2t sell at 32.5730000
 -31.643     0.000 sell
2019-05-09 22:33:06 greedy signal sell at 32.573 => 31.643
 -31.654    31.643 sell
2019-05-09 22:33:06 greedy signal sell at 31.643 => 31.654
 -31.162    31.643 sell
2019-05-09 22:33:06  closed at 1547164800000.t2t with 31.1620000
2019-05-09 22:33:06 1547164800000.t2t sell at 31.1620000
 -31.533     0.000 sell
2019-05-09 22:33:06 greedy signal sell at 31.162 => 31.533
 -31.372    31.533 sell
2019-05-09 22:33:06  closed at 1547193600000.t2t with 31.3720000
2019-05-09 22:33:06 1547193600000.t2t sell at 31.3720000
 -30.969     0.000 sell
2019-05-09 22:33:06 greedy signal sell at 31.372 => 30.969
 -31.111    30.969 sell
2019-05-09 22:33:06 greedy signal sell at 30.969 => 31.111
 -30.270    30.969 sell
2019-05-09 22:33:06  closed at 1547236800000.t2t with 30.2700000
2019-05-09 22:33:06 1547236800000.t2t sell at 30.2700000
 -30.569     0.000 sell
2019-05-09 22:33:06 greedy signal sell at 30.27 => 30.569
 -30.367    30.569 sell
2019-05-09 22:33:06  closed at 1547265600000.t2t with 30.3670000
2019-05-09 22:33:06 1547265600000.t2t sell at 30.3670000
 -30.224     0.000 sell
2019-05-09 22:33:06 greedy signal sell at 30.367 => 30.224
 -30.296    30.224 sell
2019-05-09 22:33:06 greedy signal sell at 30.224 => 30.296
 -29.986    30.224 sell
2019-05-09 22:33:06  closed at 1547308800000.t2t with 29.9860000
2019-05-09 22:33:06 1547308800000.t2t sell at 29.9860000
 -30.197     0.000 sell
2019-05-09 22:33:06 greedy signal sell at 29.986 => 30.197
 -30.968    30.197 sell
2019-05-09 22:33:06 greedy signal sell at 30.197 => 30.968
 -30.981    30.197 sell
2019-05-09 22:33:06 greedy signal sell at 30.968 => 30.981
 -30.710    30.197 sell
2019-05-09 22:33:06  closed at 1547366400000.t2t with 30.7100000
2019-05-09 22:33:06 1547366400000.t2t sell at 30.7100000
 -30.407     0.000 sell
2019-05-09 22:33:06 greedy signal sell at 30.71 => 30.407
 -28.534    30.407 sell
2019-05-09 22:33:06  closed at 1547395200000.t2t with 28.5340000
2019-05-09 22:33:06 1547395200000.t2t sell at 28.5340000
 -28.364     0.000 sell
2019-05-09 22:33:06 greedy signal sell at 28.534 => 28.364
 -28.697    28.364 sell
2019-05-09 22:33:06 greedy signal sell at 28.364 => 28.697
 -28.705    28.364 sell
2019-05-09 22:33:06 greedy signal sell at 28.697 => 28.705
 -28.603    28.364 sell
2019-05-09 22:33:06  closed at 1547452800000.t2t with 28.6030000
2019-05-09 22:33:06 1547452800000.t2t sell at 28.6030000
 -30.882     0.000 sell
2019-05-09 22:33:06  closed at 1547467200000.t2t with 30.8820000
2019-05-09 22:33:06 1547467200000.t2t buy at 30.8820000
   30.685   -0.000 buy
2019-05-09 22:33:06  closed at 1547481600000.t2t with 30.6850000
2019-05-09 22:33:06 1547481600000.t2t sell at 30.6850000
 -30.570     0.000 sell
2019-05-09 22:33:06 greedy signal sell at 30.685 => 30.57
 -30.763    30.570 sell
2019-05-09 22:33:06  closed at 1547510400000.t2t with 30.7630000
2019-05-09 22:33:06 1547510400000.t2t buy at 30.7630000
   30.789   -0.000 buy
2019-05-09 22:33:06 greedy signal buy at 30.763 => 30.789
   30.261  -30.789 buy
2019-05-09 22:33:06  closed at 1547539200000.t2t with 30.2610000
2019-05-09 22:33:06 1547539200000.t2t sell at 30.2610000
 -30.134     0.000 sell
2019-05-09 22:33:06 greedy signal sell at 30.261 => 30.134
 -30.444    30.134 sell
2019-05-09 22:33:06 greedy signal sell at 30.134 => 30.444
 -29.415    30.134 sell
2019-05-09 22:33:06  closed at 1547582400000.t2t with 29.4150000
2019-05-09 22:33:06 1547582400000.t2t sell at 29.4150000
 -29.537     0.000 sell
2019-05-09 22:33:06 greedy signal sell at 29.415 => 29.537
 -29.302    29.537 sell
2019-05-09 22:33:06  closed at 1547611200000.t2t with 29.3020000
2019-05-09 22:33:06 1547611200000.t2t sell at 29.3020000
 -29.893     0.000 sell
2019-05-09 22:33:06 greedy signal sell at 29.302 => 29.893
 -29.796    29.893 sell
2019-05-09 22:33:06  closed at 1547640000000.t2t with 29.7960000
2019-05-09 22:33:06 1547640000000.t2t sell at 29.7960000
 -29.935     0.000 sell
2019-05-09 22:33:06 greedy signal sell at 29.796 => 29.935
 -30.036    29.935 sell
2019-05-09 22:33:06 greedy signal sell at 29.935 => 30.036
 -29.467    29.935 sell
2019-05-09 22:33:06  closed at 1547683200000.t2t with 29.4670000
2019-05-09 22:33:06 1547683200000.t2t sell at 29.4670000
 -29.396     0.000 sell
2019-05-09 22:33:06 greedy signal sell at 29.467 => 29.396
 -29.320    29.396 sell
2019-05-09 22:33:06  closed at 1547712000000.t2t with 29.3200000
2019-05-09 22:33:06 1547712000000.t2t sell at 29.3200000
 -29.647     0.000 sell
2019-05-09 22:33:06 greedy signal sell at 29.32 => 29.647
 -29.836    29.647 sell
2019-05-09 22:33:06 greedy signal sell at 29.647 => 29.836
 -30.273    29.647 sell
2019-05-09 22:33:06 greedy signal sell at 29.836 => 30.273
 -29.929    29.647 sell
2019-05-09 22:33:06  closed at 1547769600000.t2t with 29.9290000
2019-05-09 22:33:06 1547769600000.t2t sell at 29.9290000
 -30.039     0.000 sell
2019-05-09 22:33:06  closed at 1547784000000.t2t with 30.0390000
2019-05-09 22:33:06 1547784000000.t2t buy at 30.0390000
   29.634   -0.000 buy
2019-05-09 22:33:06  closed at 1547798400000.t2t with 29.6340000
2019-05-09 22:33:06 1547798400000.t2t sell at 29.6340000
 -29.881     0.000 sell
2019-05-09 22:33:06  closed at 1547812800000.t2t with 29.8810000
2019-05-09 22:33:06 1547812800000.t2t buy at 29.8810000
   29.565   -0.000 buy
2019-05-09 22:33:06  closed at 1547827200000.t2t with 29.5650000
2019-05-09 22:33:06 1547827200000.t2t sell at 29.5650000
 -29.678     0.000 sell
2019-05-09 22:33:06  closed at 1547841600000.t2t with 29.6780000
2019-05-09 22:33:06 1547841600000.t2t buy at 29.6780000
   30.051   -0.000 buy
2019-05-09 22:33:06 greedy signal buy at 29.678 => 30.051
   29.893  -30.051 buy
2019-05-09 22:33:06 greedy signal buy at 30.051 => 29.893
   31.514  -30.051 buy
2019-05-09 22:33:06  closed at 1547884800000.t2t with 31.5140000
2019-05-09 22:33:06 1547884800000.t2t buy at 31.5140000
   31.042   -0.000 buy
2019-05-09 22:33:06 greedy signal buy at 31.514 => 31.042
   31.338  -31.042 buy
2019-05-09 22:33:06  closed at 1547913600000.t2t with 31.3380000
2019-05-09 22:33:06 1547913600000.t2t buy at 31.3380000
   31.012   -0.000 buy
2019-05-09 22:33:06 greedy signal buy at 31.338 => 31.012
   31.383  -31.012 buy
2019-05-09 22:33:06  closed at 1547942400000.t2t with 31.3830000
2019-05-09 22:33:06 1547942400000.t2t buy at 31.3830000
   31.586   -0.000 buy
2019-05-09 22:33:06 greedy signal buy at 31.383 => 31.586
   30.196  -31.586 buy
2019-05-09 22:33:06 greedy signal buy at 31.586 => 30.196
   29.385  -31.586 buy
2019-05-09 22:33:06  closed at 1547985600000.t2t with 29.3850000
2019-05-09 22:33:06 1547985600000.t2t sell at 29.3850000
 -29.133     0.000 sell
2019-05-09 22:33:06 greedy signal sell at 29.385 => 29.133
 -29.198    29.133 sell
2019-05-09 22:33:06 greedy signal sell at 29.133 => 29.198
 -29.315    29.133 sell
2019-05-09 22:33:06 greedy signal sell at 29.198 => 29.315
 -29.425    29.133 sell
2019-05-09 22:33:06 greedy signal sell at 29.315 => 29.425
 -29.701    29.133 sell
2019-05-09 22:33:06 greedy signal sell at 29.425 => 29.701
 -29.409    29.133 sell
2019-05-09 22:33:06  closed at 1548072000000.t2t with 29.4090000
2019-05-09 22:33:06 1548072000000.t2t sell at 29.4090000
 -29.460     0.000 sell
2019-05-09 22:33:06  closed at 1548086400000.t2t with 29.4600000
2019-05-09 22:33:06 1548086400000.t2t buy at 29.4600000
   29.616   -0.000 buy
2019-05-09 22:33:06 greedy signal buy at 29.46 => 29.616
   29.480  -29.616 buy
2019-05-09 22:33:06 greedy signal buy at 29.616 => 29.48
   29.384  -29.616 buy
2019-05-09 22:33:06  closed at 1548129600000.t2t with 29.3840000
2019-05-09 22:33:06 1548129600000.t2t sell at 29.3840000
 -29.390     0.000 sell
2019-05-09 22:33:06 greedy signal sell at 29.384 => 29.39
 -30.404    29.390 sell
2019-05-09 22:33:06  closed at 1548158400000.t2t with 30.4040000
2019-05-09 22:33:06 1548158400000.t2t buy at 30.4040000
   30.608   -0.000 buy
2019-05-09 22:33:06 greedy signal buy at 30.404 => 30.608
   30.447  -30.608 buy
2019-05-09 22:33:06 greedy signal buy at 30.608 => 30.447
   30.710  -30.608 buy
2019-05-09 22:33:06  closed at 1548201600000.t2t with 30.7100000
2019-05-09 22:33:06 1548201600000.t2t buy at 30.7100000
   30.423   -0.000 buy
2019-05-09 22:33:06 greedy signal buy at 30.71 => 30.423
   30.944  -30.423 buy
2019-05-09 22:33:06  closed at 1548230400000.t2t with 30.9440000
2019-05-09 22:33:06 1548230400000.t2t buy at 30.9440000
   30.458   -0.000 buy
2019-05-09 22:33:06 greedy signal buy at 30.944 => 30.458
   30.584  -30.458 buy
2019-05-09 22:33:06  closed at 1548259200000.t2t with 30.5840000
2019-05-09 22:33:06 1548259200000.t2t buy at 30.5840000
   30.747   -0.000 buy
2019-05-09 22:33:06 greedy signal buy at 30.584 => 30.747
   30.194  -30.747 buy
2019-05-09 22:33:06 greedy signal buy at 30.747 => 30.194
   30.385  -30.747 buy
2019-05-09 22:33:06  closed at 1548302400000.t2t with 30.3850000
2019-05-09 22:33:06 1548302400000.t2t buy at 30.3850000
   30.582   -0.000 buy
2019-05-09 22:33:06 greedy signal buy at 30.385 => 30.582
   30.943  -30.582 buy
2019-05-09 22:33:06  closed at 1548331200000.t2t with 30.9430000
2019-05-09 22:33:06 1548331200000.t2t buy at 30.9430000
   31.694   -0.000 buy
2019-05-09 22:33:06 greedy signal buy at 30.943 => 31.694
   31.633  -31.694 buy
2019-05-09 22:33:06 greedy signal buy at 31.694 => 31.633
   31.780  -31.694 buy
2019-05-09 22:33:06  closed at 1548374400000.t2t with 31.7800000
2019-05-09 22:33:06 1548374400000.t2t buy at 31.7800000
   31.774   -0.000 buy
2019-05-09 22:33:06 greedy signal buy at 31.78 => 31.774
   31.347  -31.774 buy
2019-05-09 22:33:06 greedy signal buy at 31.774 => 31.347
   31.574  -31.774 buy
2019-05-09 22:33:06  closed at 1548417600000.t2t with 31.5740000
2019-05-09 22:33:06 1548417600000.t2t buy at 31.5740000
   31.190   -0.000 buy
2019-05-09 22:33:06  closed at 1548432000000.t2t with 31.1900000
2019-05-09 22:33:06 1548432000000.t2t sell at 31.1900000
 -31.642     0.000 sell
2019-05-09 22:33:06  closed at 1548446400000.t2t with 31.6420000
2019-05-09 22:33:06 1548446400000.t2t buy at 31.6420000
   31.879   -0.000 buy
2019-05-09 22:33:06 greedy signal buy at 31.642 => 31.879
   32.393  -31.879 buy
2019-05-09 22:33:06  closed at 1548475200000.t2t with 32.3930000
2019-05-09 22:33:06 1548475200000.t2t buy at 32.3930000
   32.216   -0.000 buy
2019-05-09 22:33:06 greedy signal buy at 32.393 => 32.216
   31.912  -32.216 buy
2019-05-09 22:33:06 greedy signal buy at 32.216 => 31.912
   31.762  -32.216 buy
2019-05-09 22:33:06 greedy signal buy at 31.912 => 31.762
   31.675  -32.216 buy
2019-05-09 22:33:06 greedy signal buy at 31.762 => 31.675
   31.910  -32.216 buy
2019-05-09 22:33:06  closed at 1548547200000.t2t with 31.9100000
2019-05-09 22:33:06 1548547200000.t2t buy at 31.9100000
   31.780   -0.000 buy
2019-05-09 22:33:06  closed at 1548561600000.t2t with 31.7800000
2019-05-09 22:33:06 1548561600000.t2t sell at 31.7800000
 -31.430     0.000 sell
2019-05-09 22:33:06 greedy signal sell at 31.78 => 31.43
 -31.384    31.430 sell
2019-05-09 22:33:06  closed at 1548590400000.t2t with 31.3840000
2019-05-09 22:33:06 1548590400000.t2t sell at 31.3840000
 -31.589     0.000 sell
2019-05-09 22:33:06 greedy signal sell at 31.384 => 31.589
 -31.155    31.589 sell
2019-05-09 22:33:06  closed at 1548619200000.t2t with 31.1550000
2019-05-09 22:33:06 1548619200000.t2t sell at 31.1550000
 -30.189     0.000 sell
2019-05-09 22:33:06 greedy signal sell at 31.155 => 30.189
 -30.031    30.189 sell
2019-05-09 22:33:06  closed at 1548648000000.t2t with 30.0310000
2019-05-09 22:33:06 1548648000000.t2t sell at 30.0310000
 -29.467     0.000 sell
2019-05-09 22:33:06 greedy signal sell at 30.031 => 29.467
 -29.431    29.467 sell
2019-05-09 22:33:06  closed at 1548676800000.t2t with 29.4310000
2019-05-09 22:33:06 1548676800000.t2t sell at 29.4310000
 -29.223     0.000 sell
2019-05-09 22:33:06 greedy signal sell at 29.431 => 29.223
 -29.850    29.223 sell
2019-05-09 22:33:06 greedy signal sell at 29.223 => 29.85
 -29.628    29.223 sell
2019-05-09 22:33:06  closed at 1548720000000.t2t with 29.6280000
2019-05-09 22:33:06 1548720000000.t2t sell at 29.6280000
 -29.224     0.000 sell
2019-05-09 22:33:06 greedy signal sell at 29.628 => 29.224
 -29.504    29.224 sell
2019-05-09 22:33:06  closed at 1548748800000.t2t with 29.5040000
2019-05-09 22:33:06 1548748800000.t2t buy at 29.5040000
   30.053   -0.000 buy
2019-05-09 22:33:06 greedy signal buy at 29.504 => 30.053
   29.917  -30.053 buy
2019-05-09 22:33:06 greedy signal buy at 30.053 => 29.917
   29.765  -30.053 buy
2019-05-09 22:33:06 greedy signal buy at 29.917 => 29.765
   29.823  -30.053 buy
2019-05-09 22:33:06  closed at 1548806400000.t2t with 29.8230000
2019-05-09 22:33:06 1548806400000.t2t buy at 29.8230000
   29.735   -0.000 buy
2019-05-09 22:33:06  closed at 1548820800000.t2t with 29.7350000
2019-05-09 22:33:06 1548820800000.t2t sell at 29.7350000
 -29.792     0.000 sell
2019-05-09 22:33:06  closed at 1548835200000.t2t with 29.7920000
2019-05-09 22:33:06 1548835200000.t2t buy at 29.7920000
   30.661   -0.000 buy
2019-05-09 22:33:06 greedy signal buy at 29.792 => 30.661
   30.525  -30.661 buy
2019-05-09 22:33:06 greedy signal buy at 30.661 => 30.525
   30.594  -30.661 buy
2019-05-09 22:33:06  closed at 1548878400000.t2t with 30.5940000
2019-05-09 22:33:06 1548878400000.t2t buy at 30.5940000
   30.974   -0.000 buy
2019-05-09 22:33:06 greedy signal buy at 30.594 => 30.974
   30.901  -30.974 buy
2019-05-09 22:33:06 greedy signal buy at 30.974 => 30.901
   30.353  -30.974 buy
2019-05-09 22:33:06  closed at 1548921600000.t2t with 30.3530000
2019-05-09 22:33:06 1548921600000.t2t sell at 30.3530000
 -30.369     0.000 sell
2019-05-09 22:33:06 greedy signal sell at 30.353 => 30.369
 -30.286    30.369 sell
2019-05-09 22:33:06  closed at 1548950400000.t2t with 30.2860000
2019-05-09 22:33:06 1548950400000.t2t sell at 30.2860000
 -30.420     0.000 sell
2019-05-09 22:33:06 greedy signal sell at 30.286 => 30.42
 -30.059    30.420 sell
2019-05-09 22:33:06  closed at 1548979200000.t2t with 30.0590000
2019-05-09 22:33:06 1548979200000.t2t sell at 30.0590000
 -30.078     0.000 sell
2019-05-09 22:33:06 greedy signal sell at 30.059 => 30.078
 -30.928    30.078 sell
2019-05-09 22:33:06 greedy signal sell at 30.078 => 30.928
 -31.220    30.078 sell
2019-05-09 22:33:06  closed at 1549022400000.t2t with 31.2200000
2019-05-09 22:33:06 1549022400000.t2t buy at 31.2200000
   31.890   -0.000 buy
2019-05-09 22:33:06 greedy signal buy at 31.22 => 31.89
   31.546  -31.890 buy
2019-05-09 22:33:06 greedy signal buy at 31.89 => 31.546
   31.752  -31.890 buy
2019-05-09 22:33:06  closed at 1549065600000.t2t with 31.7520000
2019-05-09 22:33:06 1549065600000.t2t buy at 31.7520000
   31.642   -0.000 buy
2019-05-09 22:33:06  closed at 1549080000000.t2t with 31.6420000
2019-05-09 22:33:06 1549080000000.t2t sell at 31.6420000
 -32.094     0.000 sell
2019-05-09 22:33:06  closed at 1549094400000.t2t with 32.0940000
2019-05-09 22:33:06 1549094400000.t2t buy at 32.0940000
   31.858   -0.000 buy
2019-05-09 22:33:06  closed at 1549108800000.t2t with 31.8580000
2019-05-09 22:33:06 1549108800000.t2t sell at 31.8580000
 -32.144     0.000 sell
2019-05-09 22:33:06  closed at 1549123200000.t2t with 32.1440000
2019-05-09 22:33:06 1549123200000.t2t buy at 32.1440000
   33.625   -0.000 buy
2019-05-09 22:33:06 greedy signal buy at 32.144 => 33.625
   33.281  -33.625 buy
2019-05-09 22:33:06 greedy signal buy at 33.625 => 33.281
   32.665  -33.625 buy
2019-05-09 22:33:06 greedy signal buy at 33.281 => 32.665
   32.631  -33.625 buy
2019-05-09 22:33:06 greedy signal buy at 32.665 => 32.631
   32.407  -33.625 buy
2019-05-09 22:33:06 greedy signal buy at 32.631 => 32.407
   32.239  -33.625 buy
2019-05-09 22:33:06 greedy signal buy at 32.407 => 32.239
   32.285  -33.625 buy
2019-05-09 22:33:06  closed at 1549224000000.t2t with 32.2850000
2019-05-09 22:33:06 1549224000000.t2t buy at 32.2850000
   32.583   -0.000 buy
2019-05-09 22:33:06 greedy signal buy at 32.285 => 32.583
   32.521  -32.583 buy
2019-05-09 22:33:06  closed at 1549252800000.t2t with 32.5210000
2019-05-09 22:33:06 1549252800000.t2t sell at 32.5210000
 -32.371     0.000 sell
2019-05-09 22:33:06 greedy signal sell at 32.521 => 32.371
 -32.739    32.371 sell
2019-05-09 22:33:06  closed at 1549281600000.t2t with 32.7390000
2019-05-09 22:33:06 1549281600000.t2t buy at 32.7390000
   33.050   -0.000 buy
2019-05-09 22:33:06 greedy signal buy at 32.739 => 33.05
   32.731  -33.050 buy
2019-05-09 22:33:06 greedy signal buy at 33.05 => 32.731
   32.926  -33.050 buy
2019-05-09 22:33:06  closed at 1549324800000.t2t with 32.9260000
2019-05-09 22:33:06 1549324800000.t2t buy at 32.9260000
   32.984   -0.000 buy
2019-05-09 22:33:06 greedy signal buy at 32.926 => 32.984
   32.855  -32.984 buy
2019-05-09 22:33:06  closed at 1549353600000.t2t with 32.8550000
2019-05-09 22:33:06 1549353600000.t2t sell at 32.8550000
 -32.650     0.000 sell
2019-05-09 22:33:06 greedy signal sell at 32.855 => 32.65
 -32.945    32.650 sell
2019-05-09 22:33:06 greedy signal sell at 32.65 => 32.945
 -33.080    32.650 sell
2019-05-09 22:33:06  closed at 1549396800000.t2t with 33.0800000
2019-05-09 22:33:06 1549396800000.t2t buy at 33.0800000
   31.549   -0.000 buy
2019-05-09 22:33:06  closed at 1549411200000.t2t with 31.5490000
2019-05-09 22:33:06 1549411200000.t2t sell at 31.5490000
 -31.756     0.000 sell
2019-05-09 22:33:06  closed at 1549425600000.t2t with 31.7560000
2019-05-09 22:33:06 1549425600000.t2t buy at 31.7560000
   31.387   -0.000 buy
2019-05-09 22:33:06  closed at 1549440000000.t2t with 31.3870000
2019-05-09 22:33:06 1549440000000.t2t sell at 31.3870000
 -31.776     0.000 sell
2019-05-09 22:33:06  closed at 1549454400000.t2t with 31.7760000
2019-05-09 22:33:06 1549454400000.t2t buy at 31.7760000
   31.533   -0.000 buy
2019-05-09 22:33:06  closed at 1549468800000.t2t with 31.5330000
2019-05-09 22:33:06 1549468800000.t2t sell at 31.5330000
 -31.580     0.000 sell
2019-05-09 22:33:06  closed at 1549483200000.t2t with 31.5800000
2019-05-09 22:33:06 1549483200000.t2t buy at 31.5800000
   31.999   -0.000 buy
2019-05-09 22:33:06 greedy signal buy at 31.58 => 31.999
   31.930  -31.999 buy
2019-05-09 22:33:06 greedy signal buy at 31.999 => 31.93
   32.021  -31.999 buy
2019-05-09 22:33:06  closed at 1549526400000.t2t with 32.0210000
2019-05-09 22:33:06 1549526400000.t2t buy at 32.0210000
   31.987   -0.000 buy
2019-05-09 22:33:06 greedy signal buy at 32.021 => 31.987
   31.884  -31.987 buy
2019-05-09 22:33:06 greedy signal buy at 31.987 => 31.884
   32.059  -31.987 buy
2019-05-09 22:33:06  closed at 1549569600000.t2t with 32.0590000
2019-05-09 22:33:06 1549569600000.t2t buy at 32.0590000
   32.117   -0.000 buy
2019-05-09 22:33:06 greedy signal buy at 32.059 => 32.117
   32.454  -32.117 buy
2019-05-09 22:33:06  closed at 1549598400000.t2t with 32.4540000
2019-05-09 22:33:06 1549598400000.t2t buy at 32.4540000
   36.348   -0.000 buy
2019-05-09 22:33:06 greedy signal buy at 32.454 => 36.348
   38.746  -36.348 buy
2019-05-09 22:33:06  closed at 1549627200000.t2t with 38.7460000
2019-05-09 22:33:06 1549627200000.t2t buy at 38.7460000
   41.827   -0.000 buy
2019-05-09 22:33:06 greedy signal buy at 38.746 => 41.827
   42.208  -41.827 buy
2019-05-09 22:33:06  closed at 1549656000000.t2t with 42.2080000
2019-05-09 22:33:06 1549656000000.t2t buy at 42.2080000
   42.360   -0.000 buy
2019-05-09 22:33:06 greedy signal buy at 42.208 => 42.36
   44.317  -42.360 buy
2019-05-09 22:33:06  closed at 1549684800000.t2t with 44.3170000
2019-05-09 22:33:06 1549684800000.t2t buy at 44.3170000
   43.985   -0.000 buy
2019-05-09 22:33:06 greedy signal buy at 44.317 => 43.985
   43.480  -43.985 buy
2019-05-09 22:33:06 greedy signal buy at 43.985 => 43.48
   43.500  -43.985 buy
2019-05-09 22:33:06  closed at 1549728000000.t2t with 43.5000000
2019-05-09 22:33:06 1549728000000.t2t buy at 43.5000000
   44.171   -0.000 buy
2019-05-09 22:33:06 greedy signal buy at 43.5 => 44.171
   43.594  -44.171 buy
2019-05-09 22:33:06  closed at 1549756800000.t2t with 43.5940000
2019-05-09 22:33:06 1549756800000.t2t sell at 43.5940000
 -42.911     0.000 sell
2019-05-09 22:33:06 greedy signal sell at 43.594 => 42.911
 -43.430    42.911 sell
2019-05-09 22:33:06 greedy signal sell at 42.911 => 43.43
 -42.963    42.911 sell
2019-05-09 22:33:06  closed at 1549800000000.t2t with 42.9630000
2019-05-09 22:33:06 1549800000000.t2t sell at 42.9630000
 -45.528     0.000 sell
2019-05-09 22:33:06  closed at 1549814400000.t2t with 45.5280000
2019-05-09 22:33:06 1549814400000.t2t buy at 45.5280000
   46.062   -0.000 buy
2019-05-09 22:33:06 greedy signal buy at 45.528 => 46.062
   43.383  -46.062 buy
2019-05-09 22:33:06  closed at 1549843200000.t2t with 43.3830000
2019-05-09 22:33:06 1549843200000.t2t sell at 43.3830000
 -43.802     0.000 sell
2019-05-09 22:33:06 greedy signal sell at 43.383 => 43.802
 -43.312    43.802 sell
2019-05-09 22:33:06  closed at 1549872000000.t2t with 43.3120000
2019-05-09 22:33:06 1549872000000.t2t sell at 43.3120000
 -42.373     0.000 sell
2019-05-09 22:33:06 greedy signal sell at 43.312 => 42.373
 -42.554    42.373 sell
2019-05-09 22:33:06 greedy signal sell at 42.373 => 42.554
 -42.393    42.373 sell
2019-05-09 22:33:06  closed at 1549915200000.t2t with 42.3930000
2019-05-09 22:33:06 1549915200000.t2t sell at 42.3930000
 -43.173     0.000 sell
2019-05-09 22:33:06  closed at 1549929600000.t2t with 43.1730000
2019-05-09 22:33:06 1549929600000.t2t buy at 43.1730000
   43.028   -0.000 buy
2019-05-09 22:33:06  closed at 1549944000000.t2t with 43.0280000
2019-05-09 22:33:06 1549944000000.t2t sell at 43.0280000
 -43.024     0.000 sell
2019-05-09 22:33:06 greedy signal sell at 43.028 => 43.024
 -42.601    43.024 sell
2019-05-09 22:33:06  closed at 1549972800000.t2t with 42.6010000
2019-05-09 22:33:06 1549972800000.t2t sell at 42.6010000
 -43.131     0.000 sell
2019-05-09 22:33:06  closed at 1549987200000.t2t with 43.1310000
2019-05-09 22:33:06 1549987200000.t2t buy at 43.1310000
   43.265   -0.000 buy
2019-05-09 22:33:06 greedy signal buy at 43.131 => 43.265
   43.511  -43.265 buy
2019-05-09 22:33:06  closed at 1550016000000.t2t with 43.5110000
2019-05-09 22:33:06 1550016000000.t2t buy at 43.5110000
   43.263   -0.000 buy
2019-05-09 22:33:06 greedy signal buy at 43.511 => 43.263
   42.085  -43.263 buy
2019-05-09 22:33:06  closed at 1550044800000.t2t with 42.0850000
2019-05-09 22:33:06 1550044800000.t2t sell at 42.0850000
 -40.414     0.000 sell
2019-05-09 22:33:06 greedy signal sell at 42.085 => 40.414
 -40.695    40.414 sell
2019-05-09 22:33:06 greedy signal sell at 40.414 => 40.695
 -40.982    40.414 sell
2019-05-09 22:33:06 greedy signal sell at 40.695 => 40.982
 -41.130    40.414 sell
2019-05-09 22:33:06 greedy signal sell at 40.982 => 41.13
 -40.599    40.414 sell
2019-05-09 22:33:06  closed at 1550116800000.t2t with 40.5990000
2019-05-09 22:33:06 1550116800000.t2t sell at 40.5990000
 -40.425     0.000 sell
2019-05-09 22:33:06 greedy signal sell at 40.599 => 40.425
 -41.095    40.425 sell
2019-05-09 22:33:06  closed at 1550145600000.t2t with 41.0950000
2019-05-09 22:33:06 1550145600000.t2t buy at 41.0950000
   40.996   -0.000 buy
2019-05-09 22:33:06 greedy signal buy at 41.095 => 40.996
   40.794  -40.996 buy
2019-05-09 22:33:06 greedy signal buy at 40.996 => 40.794
   41.333  -40.996 buy
2019-05-09 22:33:06  closed at 1550188800000.t2t with 41.3330000
2019-05-09 22:33:06 1550188800000.t2t buy at 41.3330000
   41.952   -0.000 buy
2019-05-09 22:33:06 greedy signal buy at 41.333 => 41.952
   41.674  -41.952 buy
2019-05-09 22:33:06 greedy signal buy at 41.952 => 41.674
   41.212  -41.952 buy
2019-05-09 22:33:06 greedy signal buy at 41.674 => 41.212
   41.213  -41.952 buy
2019-05-09 22:33:06  closed at 1550246400000.t2t with 41.2130000
2019-05-09 22:33:06 1550246400000.t2t buy at 41.2130000
   41.836   -0.000 buy
2019-05-09 22:33:06 greedy signal buy at 41.213 => 41.836
   42.577  -41.836 buy
2019-05-09 22:33:06  closed at 1550275200000.t2t with 42.5770000
2019-05-09 22:33:06 1550275200000.t2t buy at 42.5770000
   43.153   -0.000 buy
2019-05-09 22:33:06 greedy signal buy at 42.577 => 43.153
   43.054  -43.153 buy
2019-05-09 22:33:06 greedy signal buy at 43.153 => 43.054
   43.230  -43.153 buy
2019-05-09 22:33:06  closed at 1550318400000.t2t with 43.2300000
2019-05-09 22:33:06 1550318400000.t2t buy at 43.2300000
   43.082   -0.000 buy
2019-05-09 22:33:06 greedy signal buy at 43.23 => 43.082
   42.683  -43.082 buy
2019-05-09 22:33:06 greedy signal buy at 43.082 => 42.683
   42.859  -43.082 buy
2019-05-09 22:33:06  closed at 1550361600000.t2t with 42.8590000
2019-05-09 22:33:06 1550361600000.t2t buy at 42.8590000
   43.235   -0.000 buy
2019-05-09 22:33:06 greedy signal buy at 42.859 => 43.235
   42.720  -43.235 buy
2019-05-09 22:33:06  closed at 1550390400000.t2t with 42.7200000
2019-05-09 22:33:06 1550390400000.t2t sell at 42.7200000
 -42.100     0.000 sell
2019-05-09 22:33:06 greedy signal sell at 42.72 => 42.1
 -42.484    42.100 sell
2019-05-09 22:33:06 greedy signal sell at 42.1 => 42.484
 -43.122    42.100 sell
2019-05-09 22:33:06 greedy signal sell at 42.484 => 43.122
 -43.837    42.100 sell
2019-05-09 22:33:06  closed at 1550448000000.t2t with 43.8370000
2019-05-09 22:33:06 1550448000000.t2t buy at 43.8370000
   43.514   -0.000 buy
2019-05-09 22:33:06 greedy signal buy at 43.837 => 43.514
   45.199  -43.514 buy
2019-05-09 22:33:06  closed at 1550476800000.t2t with 45.1990000
2019-05-09 22:33:06 1550476800000.t2t buy at 45.1990000
   45.697   -0.000 buy
2019-05-09 22:33:06 greedy signal buy at 45.199 => 45.697
   47.509  -45.697 buy
2019-05-09 22:33:06  closed at 1550505600000.t2t with 47.5090000
2019-05-09 22:33:06 1550505600000.t2t buy at 47.5090000
   47.762   -0.000 buy
2019-05-09 22:33:06 greedy signal buy at 47.509 => 47.762
   47.664  -47.762 buy
2019-05-09 22:33:06 greedy signal buy at 47.762 => 47.664
   48.120  -47.762 buy
2019-05-09 22:33:06  closed at 1550548800000.t2t with 48.1200000
2019-05-09 22:33:06 1550548800000.t2t buy at 48.1200000
   48.899   -0.000 buy
2019-05-09 22:33:06 greedy signal buy at 48.12 => 48.899
   48.776  -48.899 buy
2019-05-09 22:33:06 greedy signal buy at 48.899 => 48.776
   48.368  -48.899 buy
2019-05-09 22:33:06 greedy signal buy at 48.776 => 48.368
   47.540  -48.899 buy
2019-05-09 22:33:06 greedy signal buy at 48.368 => 47.54
   47.600  -48.899 buy
2019-05-09 22:33:06  closed at 1550620800000.t2t with 47.6000000
2019-05-09 22:33:06 1550620800000.t2t buy at 47.6000000
   48.270   -0.000 buy
2019-05-09 22:33:06 greedy signal buy at 47.6 => 48.27
   51.006  -48.270 buy
2019-05-09 22:33:06  closed at 1550649600000.t2t with 51.0060000
2019-05-09 22:33:06 1550649600000.t2t buy at 51.0060000
   50.633   -0.000 buy
2019-05-09 22:33:06 greedy signal buy at 51.006 => 50.633
   50.700  -50.633 buy
2019-05-09 22:33:06  closed at 1550678400000.t2t with 50.7000000
2019-05-09 22:33:06 1550678400000.t2t buy at 50.7000000
   51.521   -0.000 buy
2019-05-09 22:33:06 greedy signal buy at 50.7 => 51.521
   51.089  -51.521 buy
2019-05-09 22:33:06 greedy signal buy at 51.521 => 51.089
   50.488  -51.521 buy
2019-05-09 22:33:06 greedy signal buy at 51.089 => 50.488
   48.927  -51.521 buy
2019-05-09 22:33:06 greedy signal buy at 50.488 => 48.927
   49.020  -51.521 buy
2019-05-09 22:33:06  closed at 1550750400000.t2t with 49.0200000
2019-05-09 22:33:06 1550750400000.t2t buy at 49.0200000
   48.658   -0.000 buy
2019-05-09 22:33:06  closed at 1550764800000.t2t with 48.6580000
2019-05-09 22:33:06 1550764800000.t2t sell at 48.6580000
 -49.182     0.000 sell
2019-05-09 22:33:06  closed at 1550779200000.t2t with 49.1820000
2019-05-09 22:33:06 1550779200000.t2t buy at 49.1820000
   49.449   -0.000 buy
2019-05-09 22:33:06 greedy signal buy at 49.182 => 49.449
   48.844  -49.449 buy
2019-05-09 22:33:06  closed at 1550808000000.t2t with 48.8440000
2019-05-09 22:33:06 1550808000000.t2t sell at 48.8440000
 -49.717     0.000 sell
2019-05-09 22:33:06  closed at 1550822400000.t2t with 49.7170000
2019-05-09 22:33:06 1550822400000.t2t buy at 49.7170000
   49.270   -0.000 buy
2019-05-09 22:33:06  closed at 1550836800000.t2t with 49.2700000
2019-05-09 22:33:06 1550836800000.t2t sell at 49.2700000
 -49.532     0.000 sell
2019-05-09 22:33:06  closed at 1550851200000.t2t with 49.5320000
2019-05-09 22:33:06 1550851200000.t2t buy at 49.5320000
   49.545   -0.000 buy
2019-05-09 22:33:06 greedy signal buy at 49.532 => 49.545
   49.244  -49.545 buy
2019-05-09 22:33:06  closed at 1550880000000.t2t with 49.2440000
2019-05-09 22:33:06 1550880000000.t2t sell at 49.2440000
 -49.028     0.000 sell
2019-05-09 22:33:06 greedy signal sell at 49.244 => 49.028
 -49.251    49.028 sell
2019-05-09 22:33:06 greedy signal sell at 49.028 => 49.251
 -48.698    49.028 sell
2019-05-09 22:33:06  closed at 1550923200000.t2t with 48.6980000
2019-05-09 22:33:06 1550923200000.t2t sell at 48.6980000
 -51.612     0.000 sell
2019-05-09 22:33:06  closed at 1550937600000.t2t with 51.6120000
2019-05-09 22:33:06 1550937600000.t2t buy at 51.6120000
   51.980   -0.000 buy
2019-05-09 22:33:06 greedy signal buy at 51.612 => 51.98
   53.170  -51.980 buy
2019-05-09 22:33:06  closed at 1550966400000.t2t with 53.1700000
2019-05-09 22:33:06 1550966400000.t2t buy at 53.1700000
   52.769   -0.000 buy
2019-05-09 22:33:06 greedy signal buy at 53.17 => 52.769
   52.960  -52.769 buy
2019-05-09 22:33:06  closed at 1550995200000.t2t with 52.9600000
2019-05-09 22:33:06 1550995200000.t2t buy at 52.9600000
   44.277   -0.000 buy
2019-05-09 22:33:06  closed at 1551009600000.t2t with 44.2770000
2019-05-09 22:33:06 1551009600000.t2t sell at 44.2770000
 -43.796     0.000 sell
2019-05-09 22:33:06 greedy signal sell at 44.277 => 43.796
 -43.341    43.796 sell
2019-05-09 22:33:06  closed at 1551038400000.t2t with 43.3410000
2019-05-09 22:33:06 1551038400000.t2t sell at 43.3410000
 -43.816     0.000 sell
2019-05-09 22:33:06 greedy signal sell at 43.341 => 43.816
 -43.586    43.816 sell
2019-05-09 22:33:06  closed at 1551067200000.t2t with 43.5860000
2019-05-09 22:33:06 1551067200000.t2t sell at 43.5860000
 -43.727     0.000 sell
2019-05-09 22:33:06 greedy signal sell at 43.586 => 43.727
 -44.775    43.727 sell
2019-05-09 22:33:06  closed at 1551096000000.t2t with 44.7750000
2019-05-09 22:33:06 1551096000000.t2t buy at 44.7750000
   45.888   -0.000 buy
2019-05-09 22:33:06 greedy signal buy at 44.775 => 45.888
   44.966  -45.888 buy
2019-05-09 22:33:06 greedy signal buy at 45.888 => 44.966
   45.158  -45.888 buy
2019-05-09 22:33:06  closed at 1551139200000.t2t with 45.1580000
2019-05-09 22:33:06 1551139200000.t2t buy at 45.1580000
   44.724   -0.000 buy
2019-05-09 22:33:06  closed at 1551153600000.t2t with 44.7240000
2019-05-09 22:33:06 1551153600000.t2t sell at 44.7240000
 -44.667     0.000 sell
2019-05-09 22:33:06 greedy signal sell at 44.724 => 44.667
 -44.563    44.667 sell
2019-05-09 22:33:06  closed at 1551182400000.t2t with 44.5630000
2019-05-09 22:33:06 1551182400000.t2t sell at 44.5630000
 -43.940     0.000 sell
2019-05-09 22:33:06 greedy signal sell at 44.563 => 43.94
 -44.537    43.940 sell
2019-05-09 22:33:06 greedy signal sell at 43.94 => 44.537
 -44.520    43.940 sell
2019-05-09 22:33:06  closed at 1551225600000.t2t with 44.5200000
2019-05-09 22:33:06 1551225600000.t2t sell at 44.5200000
 -44.780     0.000 sell
2019-05-09 22:33:06  closed at 1551240000000.t2t with 44.7800000
2019-05-09 22:33:06 1551240000000.t2t buy at 44.7800000
   44.819   -0.000 buy
2019-05-09 22:33:06 greedy signal buy at 44.78 => 44.819
   44.298  -44.819 buy
2019-05-09 22:33:06  closed at 1551268800000.t2t with 44.2980000
2019-05-09 22:33:06 1551268800000.t2t sell at 44.2980000
 -44.412     0.000 sell
2019-05-09 22:33:06 greedy signal sell at 44.298 => 44.412
 -44.933    44.412 sell
2019-05-09 22:33:06  closed at 1551297600000.t2t with 44.9330000
2019-05-09 22:33:06 1551297600000.t2t buy at 44.9330000
   45.318   -0.000 buy
2019-05-09 22:33:06 greedy signal buy at 44.933 => 45.318
   44.927  -45.318 buy
2019-05-09 22:33:06 greedy signal buy at 45.318 => 44.927
   45.501  -45.318 buy
2019-05-09 22:33:06  closed at 1551340800000.t2t with 45.5010000
2019-05-09 22:33:06 1551340800000.t2t buy at 45.5010000
   45.568   -0.000 buy
2019-05-09 22:33:06 greedy signal buy at 45.501 => 45.568
   45.385  -45.568 buy
2019-05-09 22:33:06 greedy signal buy at 45.568 => 45.385
   45.170  -45.568 buy
2019-05-09 22:33:06 greedy signal buy at 45.385 => 45.17
   45.601  -45.568 buy
2019-05-09 22:33:06  closed at 1551398400000.t2t with 45.6010000
2019-05-09 22:33:06 1551398400000.t2t buy at 45.6010000
   46.494   -0.000 buy
2019-05-09 22:33:06 greedy signal buy at 45.601 => 46.494
   46.578  -46.494 buy
2019-05-09 22:33:06  closed at 1551427200000.t2t with 46.5780000
2019-05-09 22:33:06 1551427200000.t2t buy at 46.5780000
   47.251   -0.000 buy
2019-05-09 22:33:06 greedy signal buy at 46.578 => 47.251
   47.830  -47.251 buy
2019-05-09 22:33:06  closed at 1551456000000.t2t with 47.8300000
2019-05-09 22:33:06 1551456000000.t2t buy at 47.8300000
   46.702   -0.000 buy
2019-05-09 22:33:06 greedy signal buy at 47.83 => 46.702
   47.228  -46.702 buy
2019-05-09 22:33:06  closed at 1551484800000.t2t with 47.2280000
2019-05-09 22:33:06 1551484800000.t2t buy at 47.2280000
   46.690   -0.000 buy
2019-05-09 22:33:06 greedy signal buy at 47.228 => 46.69
   48.068  -46.690 buy
2019-05-09 22:33:06  closed at 1551513600000.t2t with 48.0680000
2019-05-09 22:33:06 1551513600000.t2t buy at 48.0680000
   47.904   -0.000 buy
2019-05-09 22:33:06 greedy signal buy at 48.068 => 47.904
   47.766  -47.904 buy
2019-05-09 22:33:06 greedy signal buy at 47.904 => 47.766
   48.001  -47.904 buy
2019-05-09 22:33:06  closed at 1551556800000.t2t with 48.0010000
2019-05-09 22:33:06 1551556800000.t2t buy at 48.0010000
   48.087   -0.000 buy
2019-05-09 22:33:06 greedy signal buy at 48.001 => 48.087
   48.100  -48.087 buy
2019-05-09 22:33:06  closed at 1551585600000.t2t with 48.1000000
2019-05-09 22:33:06 1551585600000.t2t buy at 48.1000000
   48.050   -0.000 buy
2019-05-09 22:33:06 greedy signal buy at 48.1 => 48.05
   47.352  -48.050 buy
2019-05-09 22:33:06 greedy signal buy at 48.05 => 47.352
   47.414  -48.050 buy
2019-05-09 22:33:06  closed at 1551628800000.t2t with 47.4140000
2019-05-09 22:33:06 1551628800000.t2t buy at 47.4140000
   47.493   -0.000 buy
2019-05-09 22:33:06 greedy signal buy at 47.414 => 47.493
   47.240  -47.493 buy
2019-05-09 22:33:06  closed at 1551657600000.t2t with 47.2400000
2019-05-09 22:33:06 1551657600000.t2t sell at 47.2400000
 -46.044     0.000 sell
2019-05-09 22:33:06 greedy signal sell at 47.24 => 46.044
 -45.156    46.044 sell
2019-05-09 22:33:06  closed at 1551686400000.t2t with 45.1560000
2019-05-09 22:33:06 1551686400000.t2t sell at 45.1560000
 -45.586     0.000 sell
2019-05-09 22:33:06 greedy signal sell at 45.156 => 45.586
 -45.482    45.586 sell
2019-05-09 22:33:06  closed at 1551715200000.t2t with 45.4820000
2019-05-09 22:33:06 1551715200000.t2t sell at 45.4820000
 -45.492     0.000 sell
2019-05-09 22:33:06 greedy signal sell at 45.482 => 45.492
 -45.499    45.492 sell
2019-05-09 22:33:06 greedy signal sell at 45.492 => 45.499
 -45.831    45.492 sell
2019-05-09 22:33:06 greedy signal sell at 45.499 => 45.831
 -46.920    45.492 sell
2019-05-09 22:33:06 greedy signal sell at 45.831 => 46.92
 -52.131    45.492 sell
2019-05-09 22:33:06  closed at 1551787200000.t2t with 52.1310000
2019-05-09 22:33:06 1551787200000.t2t buy at 52.1310000
   52.483   -0.000 buy
2019-05-09 22:33:06 greedy signal buy at 52.131 => 52.483
   52.800  -52.483 buy
2019-05-09 22:33:06  closed at 1551816000000.t2t with 52.8000000
2019-05-09 22:33:06 1551816000000.t2t buy at 52.8000000
   51.959   -0.000 buy
2019-05-09 22:33:06 greedy signal buy at 52.8 => 51.959
   54.060  -51.959 buy
2019-05-09 22:33:06  closed at 1551844800000.t2t with 54.0600000
2019-05-09 22:33:06 1551844800000.t2t buy at 54.0600000
   55.720   -0.000 buy
2019-05-09 22:33:06 greedy signal buy at 54.06 => 55.72
   55.201  -55.720 buy
2019-05-09 22:33:06 greedy signal buy at 55.72 => 55.201
   54.896  -55.720 buy
2019-05-09 22:33:06 greedy signal buy at 55.201 => 54.896
   55.203  -55.720 buy
2019-05-09 22:33:06  closed at 1551902400000.t2t with 55.2030000
2019-05-09 22:33:06 1551902400000.t2t buy at 55.2030000
   56.770   -0.000 buy
2019-05-09 22:33:06 greedy signal buy at 55.203 => 56.77
   55.837  -56.770 buy
2019-05-09 22:33:06 greedy signal buy at 56.77 => 55.837
   55.489  -56.770 buy
2019-05-09 22:33:06  closed at 1551945600000.t2t with 55.4890000
2019-05-09 22:33:06 1551945600000.t2t sell at 55.4890000
 -56.612     0.000 sell
2019-05-09 22:33:06 greedy signal sell at 55.489 => 56.612
 -56.602    56.612 sell
2019-05-09 22:33:06  closed at 1551974400000.t2t with 56.6020000
2019-05-09 22:33:06 1551974400000.t2t sell at 56.6020000
 -56.471     0.000 sell
2019-05-09 22:33:06 greedy signal sell at 56.602 => 56.471
 -55.315    56.471 sell
2019-05-09 22:33:06  closed at 1552003200000.t2t with 55.3150000
2019-05-09 22:33:06 1552003200000.t2t sell at 55.3150000
 -55.896     0.000 sell
2019-05-09 22:33:06 greedy signal sell at 55.315 => 55.896
 -55.941    55.896 sell
2019-05-09 22:33:06 greedy signal sell at 55.896 => 55.941
 -56.050    55.896 sell
2019-05-09 22:33:06 greedy signal sell at 55.941 => 56.05
 -56.413    55.896 sell
2019-05-09 22:33:06 greedy signal sell at 56.05 => 56.413
 -55.269    55.896 sell
2019-05-09 22:33:06  closed at 1552075200000.t2t with 55.2690000
2019-05-09 22:33:06 1552075200000.t2t sell at 55.2690000
 -56.543     0.000 sell
2019-05-09 22:33:06 greedy signal sell at 55.269 => 56.543
 -58.120    56.543 sell
2019-05-09 22:33:06  closed at 1552104000000.t2t with 58.1200000
2019-05-09 22:33:06 1552104000000.t2t buy at 58.1200000
   58.150   -0.000 buy
2019-05-09 22:33:06 greedy signal buy at 58.12 => 58.15
   57.440  -58.150 buy
2019-05-09 22:33:06 greedy signal buy at 58.15 => 57.44
   56.742  -58.150 buy
2019-05-09 22:33:06 greedy signal buy at 57.44 => 56.742
   57.313  -58.150 buy
2019-05-09 22:33:06  closed at 1552161600000.t2t with 57.3130000
2019-05-09 22:33:06 1552161600000.t2t buy at 57.3130000
   56.881   -0.000 buy
2019-05-09 22:33:06  closed at 1552176000000.t2t with 56.8810000
2019-05-09 22:33:06 1552176000000.t2t sell at 56.8810000
 -56.115     0.000 sell
2019-05-09 22:33:06 greedy signal sell at 56.881 => 56.115
 -56.490    56.115 sell
2019-05-09 22:33:06 greedy signal sell at 56.115 => 56.49
 -56.154    56.115 sell
2019-05-09 22:33:06  closed at 1552219200000.t2t with 56.1540000
2019-05-09 22:33:06 1552219200000.t2t sell at 56.1540000
 -55.896     0.000 sell
2019-05-09 22:33:06 greedy signal sell at 56.154 => 55.896
 -56.310    55.896 sell
2019-05-09 22:33:06  closed at 1552248000000.t2t with 56.3100000
2019-05-09 22:33:06 1552248000000.t2t buy at 56.3100000
   56.633   -0.000 buy
2019-05-09 22:33:06 greedy signal buy at 56.31 => 56.633
   54.936  -56.633 buy
2019-05-09 22:33:06  closed at 1552276800000.t2t with 54.9360000
2019-05-09 22:33:06 1552276800000.t2t sell at 54.9360000
 -54.246     0.000 sell
2019-05-09 22:33:06 greedy signal sell at 54.936 => 54.246
 -54.201    54.246 sell
2019-05-09 22:33:06  closed at 1552305600000.t2t with 54.2010000
2019-05-09 22:33:06 1552305600000.t2t sell at 54.2010000
 -53.812     0.000 sell
2019-05-09 22:33:06 greedy signal sell at 54.201 => 53.812
 -54.488    53.812 sell
2019-05-09 22:33:06 greedy signal sell at 53.812 => 54.488
 -52.263    53.812 sell
2019-05-09 22:33:06  closed at 1552348800000.t2t with 52.2630000
2019-05-09 22:33:06 1552348800000.t2t sell at 52.2630000
 -53.304     0.000 sell
2019-05-09 22:33:06 greedy signal sell at 52.263 => 53.304
 -56.202    53.304 sell
2019-05-09 22:33:06 greedy signal sell at 53.304 => 56.202
 -55.598    53.304 sell
2019-05-09 22:33:06  closed at 1552392000000.t2t with 55.5980000
2019-05-09 22:33:06 1552392000000.t2t sell at 55.5980000
 -55.806     0.000 sell
2019-05-09 22:33:06  closed at 1552406400000.t2t with 55.8060000
2019-05-09 22:33:06 1552406400000.t2t buy at 55.8060000
   56.272   -0.000 buy
2019-05-09 22:33:06 greedy signal buy at 55.806 => 56.272
   56.312  -56.272 buy
2019-05-09 22:33:06  closed at 1552435200000.t2t with 56.3120000
2019-05-09 22:33:06 1552435200000.t2t buy at 56.3120000
   56.126   -0.000 buy
2019-05-09 22:33:06 greedy signal buy at 56.312 => 56.126
   54.712  -56.126 buy
2019-05-09 22:33:06  closed at 1552464000000.t2t with 54.7120000
2019-05-09 22:33:06 1552464000000.t2t sell at 54.7120000
 -55.235     0.000 sell
2019-05-09 22:33:06 greedy signal sell at 54.712 => 55.235
 -55.053    55.235 sell
2019-05-09 22:33:06  closed at 1552492800000.t2t with 55.0530000
2019-05-09 22:33:06 1552492800000.t2t sell at 55.0530000
 -54.950     0.000 sell
2019-05-09 22:33:06 greedy signal sell at 55.053 => 54.95
 -55.309    54.950 sell
2019-05-09 22:33:06 greedy signal sell at 54.95 => 55.309
 -54.940    54.950 sell
2019-05-09 22:33:06  closed at 1552536000000.t2t with 54.9400000
2019-05-09 22:33:06 1552536000000.t2t sell at 54.9400000
 -54.995     0.000 sell
2019-05-09 22:33:06 greedy signal sell at 54.94 => 54.995
 -55.523    54.995 sell
2019-05-09 22:33:06 greedy signal sell at 54.995 => 55.523
 -55.351    54.995 sell
2019-05-09 22:33:06  closed at 1552579200000.t2t with 55.3510000
2019-05-09 22:33:06 1552579200000.t2t sell at 55.3510000
 -55.596     0.000 sell
2019-05-09 22:33:06  closed at 1552593600000.t2t with 55.5960000
2019-05-09 22:33:06 1552593600000.t2t buy at 55.5960000
   56.018   -0.000 buy
2019-05-09 22:33:06 greedy signal buy at 55.596 => 56.018
   56.002  -56.018 buy
2019-05-09 22:33:06 greedy signal buy at 56.018 => 56.002
   57.590  -56.018 buy
2019-05-09 22:33:06  closed at 1552636800000.t2t with 57.5900000
2019-05-09 22:33:06 1552636800000.t2t buy at 57.5900000
   58.857   -0.000 buy
2019-05-09 22:33:06 greedy signal buy at 57.59 => 58.857
   59.541  -58.857 buy
2019-05-09 22:33:06  closed at 1552665600000.t2t with 59.5410000
2019-05-09 22:33:06 1552665600000.t2t buy at 59.5410000
   59.093   -0.000 buy
2019-05-09 22:33:06 greedy signal buy at 59.541 => 59.093
   61.720  -59.093 buy
2019-05-09 22:33:06  closed at 1552694400000.t2t with 61.7200000
2019-05-09 22:33:06 1552694400000.t2t buy at 61.7200000
   61.458   -0.000 buy
2019-05-09 22:33:06 greedy signal buy at 61.72 => 61.458
   61.480  -61.458 buy
2019-05-09 22:33:06  closed at 1552723200000.t2t with 61.4800000
2019-05-09 22:33:06 1552723200000.t2t buy at 61.4800000
   61.096   -0.000 buy
2019-05-09 22:33:06 greedy signal buy at 61.48 => 61.096
   61.412  -61.096 buy
2019-05-09 22:33:06  closed at 1552752000000.t2t with 61.4120000
2019-05-09 22:33:06 1552752000000.t2t buy at 61.4120000
   61.660   -0.000 buy
2019-05-09 22:33:06 greedy signal buy at 61.412 => 61.66
   60.952  -61.660 buy
2019-05-09 22:33:06 greedy signal buy at 61.66 => 60.952
   61.086  -61.660 buy
2019-05-09 22:33:06  closed at 1552795200000.t2t with 61.0860000
2019-05-09 22:33:06 1552795200000.t2t buy at 61.0860000
   61.223   -0.000 buy
2019-05-09 22:33:06 greedy signal buy at 61.086 => 61.223
   61.207  -61.223 buy
2019-05-09 22:33:06  closed at 1552824000000.t2t with 61.2070000
2019-05-09 22:33:06 1552824000000.t2t sell at 61.2070000
 -61.225     0.000 sell
2019-05-09 22:33:06  closed at 1552838400000.t2t with 61.2250000
2019-05-09 22:33:06 1552838400000.t2t buy at 61.2250000
   60.930   -0.000 buy
2019-05-09 22:33:06  closed at 1552852800000.t2t with 60.9300000
2019-05-09 22:33:06 1552852800000.t2t sell at 60.9300000
 -61.793     0.000 sell
2019-05-09 22:33:06  closed at 1552867200000.t2t with 61.7930000
2019-05-09 22:33:06 1552867200000.t2t buy at 61.7930000
   59.398   -0.000 buy
2019-05-09 22:33:06  closed at 1552881600000.t2t with 59.3980000
2019-05-09 22:33:06 1552881600000.t2t sell at 59.3980000
 -59.129     0.000 sell
2019-05-09 22:33:06 greedy signal sell at 59.398 => 59.129
 -59.153    59.129 sell
2019-05-09 22:33:06 greedy signal sell at 59.129 => 59.153
 -58.789    59.129 sell
2019-05-09 22:33:06  closed at 1552924800000.t2t with 58.7890000
2019-05-09 22:33:06 1552924800000.t2t sell at 58.7890000
 -59.164     0.000 sell
2019-05-09 22:33:06 greedy signal sell at 58.789 => 59.164
 -59.175    59.164 sell
2019-05-09 22:33:06 greedy signal sell at 59.164 => 59.175
 -59.060    59.164 sell
2019-05-09 22:33:06  closed at 1552968000000.t2t with 59.0600000
2019-05-09 22:33:06 1552968000000.t2t sell at 59.0600000
 -59.204     0.000 sell
2019-05-09 22:33:06 greedy signal sell at 59.06 => 59.204
 -59.539    59.204 sell
2019-05-09 22:33:06  closed at 1552996800000.t2t with 59.5390000
2019-05-09 22:33:06 1552996800000.t2t buy at 59.5390000
   59.500   -0.000 buy
2019-05-09 22:33:06 greedy signal buy at 59.539 => 59.5
   59.953  -59.500 buy
2019-05-09 22:33:06  closed at 1553025600000.t2t with 59.9530000
2019-05-09 22:33:06 1553025600000.t2t buy at 59.9530000
   59.099   -0.000 buy
2019-05-09 22:33:06  closed at 1553040000000.t2t with 59.0990000
2019-05-09 22:33:06 1553040000000.t2t sell at 59.0990000
 -59.132     0.000 sell
2019-05-09 22:33:06  closed at 1553054400000.t2t with 59.1320000
2019-05-09 22:33:06 1553054400000.t2t buy at 59.1320000
   60.409   -0.000 buy
2019-05-09 22:33:06 greedy signal buy at 59.132 => 60.409
   60.602  -60.409 buy
2019-05-09 22:33:06  closed at 1553083200000.t2t with 60.6020000
2019-05-09 22:33:06 1553083200000.t2t buy at 60.6020000
   60.428   -0.000 buy
2019-05-09 22:33:06 greedy signal buy at 60.602 => 60.428
   60.648  -60.428 buy
2019-05-09 22:33:06  closed at 1553112000000.t2t with 60.6480000
2019-05-09 22:33:06 1553112000000.t2t buy at 60.6480000
   60.225   -0.000 buy
2019-05-09 22:33:06 greedy signal buy at 60.648 => 60.225
   60.325  -60.225 buy
2019-05-09 22:33:06  closed at 1553140800000.t2t with 60.3250000
2019-05-09 22:33:06 1553140800000.t2t buy at 60.3250000
   60.060   -0.000 buy
2019-05-09 22:33:06 greedy signal buy at 60.325 => 60.06
   58.587  -60.060 buy
2019-05-09 22:33:06  closed at 1553169600000.t2t with 58.5870000
2019-05-09 22:33:06 1553169600000.t2t sell at 58.5870000
 -58.567     0.000 sell
2019-05-09 22:33:06 greedy signal sell at 58.587 => 58.567
 -58.585    58.567 sell
2019-05-09 22:33:06 greedy signal sell at 58.567 => 58.585
 -58.450    58.567 sell
2019-05-09 22:33:06  closed at 1553212800000.t2t with 58.4500000
2019-05-09 22:33:06 1553212800000.t2t sell at 58.4500000
 -58.332     0.000 sell
2019-05-09 22:33:06 greedy signal sell at 58.45 => 58.332
 -58.820    58.332 sell
2019-05-09 22:33:06 greedy signal sell at 58.332 => 58.82
 -59.351    58.332 sell
2019-05-09 22:33:06 greedy signal sell at 58.82 => 59.351
 -59.469    58.332 sell
2019-05-09 22:33:06 greedy signal sell at 59.351 => 59.469
 -59.480    58.332 sell
2019-05-09 22:33:06 greedy signal sell at 59.469 => 59.48
 -59.530    58.332 sell
2019-05-09 22:33:06 greedy signal sell at 59.48 => 59.53
 -61.294    58.332 sell
2019-05-09 22:33:06  closed at 1553313600000.t2t with 61.2940000
2019-05-09 22:33:06 1553313600000.t2t buy at 61.2940000
   60.884   -0.000 buy
2019-05-09 22:33:06 greedy signal buy at 61.294 => 60.884
   61.083  -60.884 buy
2019-05-09 22:33:06  closed at 1553342400000.t2t with 61.0830000
2019-05-09 22:33:06 1553342400000.t2t buy at 61.0830000
   60.784   -0.000 buy
2019-05-09 22:33:06 greedy signal buy at 61.083 => 60.784
   61.211  -60.784 buy
2019-05-09 22:33:06  closed at 1553371200000.t2t with 61.2110000
2019-05-09 22:33:06 1553371200000.t2t buy at 61.2110000
   60.674   -0.000 buy
2019-05-09 22:33:06 greedy signal buy at 61.211 => 60.674
   59.622  -60.674 buy
2019-05-09 22:33:06 greedy signal buy at 60.674 => 59.622
   60.270  -60.674 buy
2019-05-09 22:33:06  closed at 1553414400000.t2t with 60.2700000
2019-05-09 22:33:06 1553414400000.t2t buy at 60.2700000
   59.976   -0.000 buy
2019-05-09 22:33:06  closed at 1553428800000.t2t with 59.9760000
2019-05-09 22:33:06 1553428800000.t2t sell at 59.9760000
 -59.775     0.000 sell
2019-05-09 22:33:06 greedy signal sell at 59.976 => 59.775
 -60.266    59.775 sell
2019-05-09 22:33:06  closed at 1553457600000.t2t with 60.2660000
2019-05-09 22:33:06 1553457600000.t2t buy at 60.2660000
   60.687   -0.000 buy
2019-05-09 22:33:06 greedy signal buy at 60.266 => 60.687
   60.010  -60.687 buy
2019-05-09 22:33:06 greedy signal buy at 60.687 => 60.01
   59.939  -60.687 buy
2019-05-09 22:33:06 greedy signal buy at 60.01 => 59.939
   59.020  -60.687 buy
2019-05-09 22:33:06  closed at 1553515200000.t2t with 59.0200000
2019-05-09 22:33:06 1553515200000.t2t sell at 59.0200000
 -59.354     0.000 sell
2019-05-09 22:33:06 greedy signal sell at 59.02 => 59.354
 -59.734    59.354 sell
2019-05-09 22:33:06 greedy signal sell at 59.354 => 59.734
 -59.230    59.354 sell
2019-05-09 22:33:06  closed at 1553558400000.t2t with 59.2300000
2019-05-09 22:33:06 1553558400000.t2t sell at 59.2300000
 -58.960     0.000 sell
2019-05-09 22:33:06 greedy signal sell at 59.23 => 58.96
 -58.693    58.960 sell
2019-05-09 22:33:06  closed at 1553587200000.t2t with 58.6930000
2019-05-09 22:33:06 1553587200000.t2t sell at 58.6930000
 -58.920     0.000 sell
2019-05-09 22:33:06 greedy signal sell at 58.693 => 58.92
 -58.682    58.920 sell
2019-05-09 22:33:06  closed at 1553616000000.t2t with 58.6820000
2019-05-09 22:33:06 1553616000000.t2t sell at 58.6820000
 -59.379     0.000 sell
2019-05-09 22:33:06 greedy signal sell at 58.682 => 59.379
 -60.722    59.379 sell
2019-05-09 22:33:06  closed at 1553644800000.t2t with 60.7220000
2019-05-09 22:33:06 1553644800000.t2t buy at 60.7220000
   60.800   -0.000 buy
2019-05-09 22:33:06 greedy signal buy at 60.722 => 60.8
   61.864  -60.800 buy
2019-05-09 22:33:06  closed at 1553673600000.t2t with 61.8640000
2019-05-09 22:33:06 1553673600000.t2t buy at 61.8640000
   61.730   -0.000 buy
2019-05-09 22:33:06 greedy signal buy at 61.864 => 61.73
   61.856  -61.730 buy
2019-05-09 22:33:06  closed at 1553702400000.t2t with 61.8560000
2019-05-09 22:33:06 1553702400000.t2t buy at 61.8560000
   62.250   -0.000 buy
2019-05-09 22:33:06 greedy signal buy at 61.856 => 62.25
   61.505  -62.250 buy
2019-05-09 22:33:06 greedy signal buy at 62.25 => 61.505
   61.358  -62.250 buy
2019-05-09 22:33:06 greedy signal buy at 61.505 => 61.358
   61.145  -62.250 buy
2019-05-09 22:33:06 greedy signal buy at 61.358 => 61.145
   61.454  -62.250 buy
2019-05-09 22:33:06  closed at 1553774400000.t2t with 61.4540000
2019-05-09 22:33:06 1553774400000.t2t buy at 61.4540000
   61.126   -0.000 buy
2019-05-09 22:33:06  closed at 1553788800000.t2t with 61.1260000
2019-05-09 22:33:06 1553788800000.t2t sell at 61.1260000
 -61.295     0.000 sell
2019-05-09 22:33:06  closed at 1553803200000.t2t with 61.2950000
2019-05-09 22:33:06 1553803200000.t2t buy at 61.2950000
   61.480   -0.000 buy
2019-05-09 22:33:06 greedy signal buy at 61.295 => 61.48
   61.040  -61.480 buy
2019-05-09 22:33:06  closed at 1553832000000.t2t with 61.0400000
2019-05-09 22:33:06 1553832000000.t2t sell at 61.0400000
 -62.174     0.000 sell
2019-05-09 22:33:06  closed at 1553846400000.t2t with 62.1740000
2019-05-09 22:33:06 1553846400000.t2t buy at 62.1740000
   61.795   -0.000 buy
2019-05-09 22:33:06  closed at 1553860800000.t2t with 61.7950000
2019-05-09 22:33:06 1553860800000.t2t sell at 61.7950000
 -61.781     0.000 sell
2019-05-09 22:33:06 greedy signal sell at 61.795 => 61.781
 -62.148    61.781 sell
2019-05-09 22:33:06  closed at 1553889600000.t2t with 62.1480000
2019-05-09 22:33:06 1553889600000.t2t buy at 62.1480000
   61.438   -0.000 buy
2019-05-09 22:33:06  closed at 1553904000000.t2t with 61.4380000
2019-05-09 22:33:06 1553904000000.t2t sell at 61.4380000
 -61.528     0.000 sell
2019-05-09 22:33:06  closed at 1553918400000.t2t with 61.5280000
2019-05-09 22:33:06 1553918400000.t2t buy at 61.5280000
   61.572   -0.000 buy
2019-05-09 22:33:06 greedy signal buy at 61.528 => 61.572
   61.240  -61.572 buy
2019-05-09 22:33:06  closed at 1553947200000.t2t with 61.2400000
2019-05-09 22:33:06 1553947200000.t2t sell at 61.2400000
 -61.127     0.000 sell
2019-05-09 22:33:06 greedy signal sell at 61.24 => 61.127
 -61.319    61.127 sell
2019-05-09 22:33:06 greedy signal sell at 61.127 => 61.319
 -61.079    61.127 sell
2019-05-09 22:33:06  closed at 1553990400000.t2t with 61.0790000
2019-05-09 22:33:06 1553990400000.t2t sell at 61.0790000
 -60.930     0.000 sell
2019-05-09 22:33:06 greedy signal sell at 61.079 => 60.93
 -61.563    60.930 sell
2019-05-09 22:33:06 greedy signal sell at 60.93 => 61.563
 -61.178    60.930 sell
2019-05-09 22:33:06  closed at 1554033600000.t2t with 61.1780000
2019-05-09 22:33:06 1554033600000.t2t sell at 61.1780000
 -61.444     0.000 sell
2019-05-09 22:33:06  closed at 1554048000000.t2t with 61.4440000
2019-05-09 22:33:06 1554048000000.t2t buy at 61.4440000
   61.433   -0.000 buy
2019-05-09 22:33:06  closed at 1554062400000.t2t with 61.4330000
2019-05-09 22:33:06 1554062400000.t2t sell at 61.4330000
 -61.570     0.000 sell
2019-05-09 22:33:06  closed at 1554076800000.t2t with 61.5700000
2019-05-09 22:33:06 1554076800000.t2t buy at 61.5700000
   61.464   -0.000 buy
2019-05-09 22:33:06  closed at 1554091200000.t2t with 61.4640000
2019-05-09 22:33:06 1554091200000.t2t sell at 61.4640000
 -61.360     0.000 sell
2019-05-09 22:33:06 greedy signal sell at 61.464 => 61.36
 -61.260    61.360 sell
2019-05-09 22:33:06  closed at 1554120000000.t2t with 61.2600000
2019-05-09 22:33:06 1554120000000.t2t sell at 61.2600000
 -61.196     0.000 sell
2019-05-09 22:33:06 greedy signal sell at 61.26 => 61.196
 -61.418    61.196 sell
2019-05-09 22:33:06 greedy signal sell at 61.196 => 61.418
 -61.373    61.196 sell
2019-05-09 22:33:06  closed at 1554163200000.t2t with 61.3730000
2019-05-09 22:33:06 1554163200000.t2t sell at 61.3730000
 -69.420     0.000 sell
2019-05-09 22:33:06  closed at 1554177600000.t2t with 69.4200000
2019-05-09 22:33:06 1554177600000.t2t buy at 69.4200000
   70.082   -0.000 buy
2019-05-09 22:33:06 greedy signal buy at 69.42 => 70.082
   72.275  -70.082 buy
2019-05-09 22:33:06  closed at 1554206400000.t2t with 72.2750000
2019-05-09 22:33:06 1554206400000.t2t buy at 72.2750000
   74.715   -0.000 buy
2019-05-09 22:33:06 greedy signal buy at 72.275 => 74.715
   79.451  -74.715 buy
2019-05-09 22:33:06  closed at 1554235200000.t2t with 79.4510000
2019-05-09 22:33:06 1554235200000.t2t buy at 79.4510000
   85.289   -0.000 buy
2019-05-09 22:33:06 greedy signal buy at 79.451 => 85.289
   84.105  -85.289 buy
2019-05-09 22:33:06 greedy signal buy at 85.289 => 84.105
   85.781  -85.289 buy
2019-05-09 22:33:06  closed at 1554278400000.t2t with 85.7810000
2019-05-09 22:33:06 1554278400000.t2t buy at 85.7810000
   90.731   -0.000 buy
2019-05-09 22:33:06 greedy signal buy at 85.781 => 90.731
   98.577  -90.731 buy
2019-05-09 22:33:06  closed at 1554307200000.t2t with 98.5770000
2019-05-09 22:33:06 1554307200000.t2t buy at 98.5770000
   89.106   -0.000 buy
2019-05-09 22:33:06 greedy signal buy at 98.577 => 89.106
   89.530  -89.106 buy
2019-05-09 22:33:06  closed at 1554336000000.t2t with 89.5300000
2019-05-09 22:33:06 1554336000000.t2t buy at 89.5300000
   91.321   -0.000 buy
2019-05-09 22:33:06 greedy signal buy at 89.53 => 91.321
   90.520  -91.321 buy
2019-05-09 22:33:06 greedy signal buy at 91.321 => 90.52
   90.500  -91.321 buy
2019-05-09 22:33:06 greedy signal buy at 90.52 => 90.5
   85.340  -91.321 buy
2019-05-09 22:33:06 greedy signal buy at 90.5 => 85.34
   89.248  -91.321 buy
2019-05-09 22:33:06  closed at 1554408000000.t2t with 89.2480000
2019-05-09 22:33:06 1554408000000.t2t buy at 89.2480000
   88.887   -0.000 buy
2019-05-09 22:33:06  closed at 1554422400000.t2t with 88.8870000
2019-05-09 22:33:06 1554422400000.t2t sell at 88.8870000
 -91.233     0.000 sell
2019-05-09 22:33:06  closed at 1554436800000.t2t with 91.2330000
2019-05-09 22:33:06 1554436800000.t2t buy at 91.2330000
   92.340   -0.000 buy
2019-05-09 22:33:06 greedy signal buy at 91.233 => 92.34
   91.485  -92.340 buy
2019-05-09 22:33:06 greedy signal buy at 92.34 => 91.485
   92.119  -92.340 buy
2019-05-09 22:33:06  closed at 1554480000000.t2t with 92.1190000
2019-05-09 22:33:06 1554480000000.t2t buy at 92.1190000
   93.197   -0.000 buy
2019-05-09 22:33:06 greedy signal buy at 92.119 => 93.197
   92.289  -93.197 buy
2019-05-09 22:33:06  closed at 1554508800000.t2t with 92.2890000
2019-05-09 22:33:06 1554508800000.t2t sell at 92.2890000
 -92.098     0.000 sell
2019-05-09 22:33:06 greedy signal sell at 92.289 => 92.098
 -91.883    92.098 sell
2019-05-09 22:33:06  closed at 1554537600000.t2t with 91.8830000
2019-05-09 22:33:06 1554537600000.t2t sell at 91.8830000
-100.175     0.000 sell
2019-05-09 22:33:06  closed at 1554552000000.t2t with 100.1750000
2019-05-09 22:33:06 1554552000000.t2t buy at 100.1750000
  100.628   -0.000 buy
2019-05-09 22:33:06 greedy signal buy at 100.175 => 100.628
   97.405 -100.628 buy
2019-05-09 22:33:06  closed at 1554580800000.t2t with 97.4050000
2019-05-09 22:33:06 1554580800000.t2t sell at 97.4050000
 -98.619     0.000 sell
2019-05-09 22:33:06 greedy signal sell at 97.405 => 98.619
 -98.312    98.619 sell
2019-05-09 22:33:06  closed at 1554609600000.t2t with 98.3120000
2019-05-09 22:33:06 1554609600000.t2t sell at 98.3120000
 -97.762     0.000 sell
2019-05-09 22:33:06 greedy signal sell at 98.312 => 97.762
 -96.013    97.762 sell
2019-05-09 22:33:06  closed at 1554638400000.t2t with 96.0130000
2019-05-09 22:33:06 1554638400000.t2t sell at 96.0130000
 -97.491     0.000 sell
2019-05-09 22:33:07 greedy signal sell at 96.013 => 97.491
 -96.540    97.491 sell
2019-05-09 22:33:07  closed at 1554667200000.t2t with 96.5400000
2019-05-09 22:33:07 1554667200000.t2t sell at 96.5400000
 -97.304     0.000 sell
2019-05-09 22:33:07 greedy signal sell at 96.54 => 97.304
 -93.770    97.304 sell
2019-05-09 22:33:07  closed at 1554696000000.t2t with 93.7700000
2019-05-09 22:33:07 1554696000000.t2t sell at 93.7700000
 -91.408     0.000 sell
2019-05-09 22:33:07 greedy signal sell at 93.77 => 91.408
 -93.410    91.408 sell
2019-05-09 22:33:07 greedy signal sell at 91.408 => 93.41
localhost:python zhangyuehui$ 
$ 

