Total 843 files, read latest 186 from 173
   29.929 -
   30.039 -
2019-05-09 22:57:39 1547784000000.t2t buy at 30.0390000
   29.634  -30.039 buy    29.900
2019-05-09 22:57:39  closed at 1547798400000.t2t with 29.6340000
2019-05-09 22:57:39 1547798400000.t2t sell at 29.6340000
 -29.881    29.634 sell    30.039
2019-05-09 22:57:39 greedy signal sell at 29.634 => 29.881
 -29.565    29.634 sell    30.039
2019-05-09 22:57:39  closed at 1547827200000.t2t with 29.5650000
2019-05-09 22:57:39 1547827200000.t2t sell at 29.5650000
 -29.678    29.565 sell    30.039
2019-05-09 22:57:39 greedy signal sell at 29.565 => 29.678
 -30.051    29.565 sell    30.039
2019-05-09 22:57:39  closed at 1547856000000.t2t with 30.0510000
2019-05-09 22:57:39 1547856000000.t2t buy at 30.0510000
   29.893  -30.051 buy    29.565
2019-05-09 22:57:39 greedy signal buy at 30.051 => 29.893
   31.514  -30.051 buy    29.565
2019-05-09 22:57:39  closed at 1547884800000.t2t with 31.5140000
2019-05-09 22:57:39 1547884800000.t2t buy at 31.5140000
   31.042  -31.514 buy    29.565
2019-05-09 22:57:39 greedy signal buy at 31.514 => 31.042
   31.338  -31.514 buy    29.565
2019-05-09 22:57:39  closed at 1547913600000.t2t with 31.3380000  此处不该close
2019-05-09 22:57:39 1547913600000.t2t buy at 31.3380000
   31.012  -31.338 buy    31.514
2019-05-09 22:57:39  closed at 1547928000000.t2t with 31.0120000
