Total 843 files, read latest 734 from 50
   29.892 -
   30.574 -
2019-05-10 22:51:11 1546012800000.t2t buy at 30.5740000
   30.625  -30.574 buy gate    29.892
2019-05-10 22:51:11  closed at 1546027200000.t2t with 30.6250000
2019-05-10 22:51:11 1546027200000.t2t buy at 30.6250000
   30.423  -30.625 buy gate    29.892
2019-05-10 22:51:11 greedy signal buy at 30.625 => 30.423
   30.883  -30.625 buy gate    29.892
2019-05-10 22:51:11  closed at 1546056000000.t2t with 30.8830000
2019-05-10 22:51:11 1546056000000.t2t buy at 30.8830000
   30.223  -30.883 buy gate    29.892
2019-05-10 22:51:11 greedy signal buy at 30.883 => 30.223
   30.393  -30.883 buy gate    29.892
2019-05-10 22:51:11 greedy signal buy at 30.223 => 30.393
   29.867  -30.883 buy gate    29.892
2019-05-10 22:51:11  closed at 1546099200000.t2t with 29.8670000
2019-05-10 22:51:11 1546099200000.t2t sell at 29.8670000
 -29.080    29.867 sell gate    30.883
2019-05-10 22:51:11  closed at 1546113600000.t2t with 29.0800000
2019-05-10 22:51:11 1546113600000.t2t sell at 29.0800000
 -29.190    29.080 sell gate    30.883
2019-05-10 22:51:11 greedy signal sell at 29.08 => 29.19
 -29.408    29.080 sell gate    30.883
2019-05-10 22:51:11 greedy signal sell at 29.19 => 29.408
 -30.047    29.080 sell gate    30.883
2019-05-10 22:51:11 greedy signal sell at 29.408 => 30.047
 -29.910    29.080 sell gate    30.883
2019-05-10 22:51:11 greedy signal sell at 30.047 => 29.91
 -29.912    29.080 sell gate    30.883
2019-05-10 22:51:11 greedy signal sell at 29.91 => 29.912
 -30.292    29.080 sell gate    30.883
2019-05-10 22:51:11 greedy signal sell at 29.912 => 30.292
 -29.480    29.080 sell gate    30.883
2019-05-10 22:51:11 greedy signal sell at 30.292 => 29.48
 -29.597    29.080 sell gate    30.883
2019-05-10 22:51:11 greedy signal sell at 29.48 => 29.597
 -29.043    29.080 sell gate    30.883
2019-05-10 22:51:11  closed at 1546243200000.t2t with 29.0430000
2019-05-10 22:51:11 1546243200000.t2t sell at 29.0430000
 -29.337    29.043 sell gate    30.883
2019-05-10 22:51:11 greedy signal sell at 29.043 => 29.337
 -28.694    29.043 sell gate    30.883
2019-05-10 22:51:11  closed at 1546272000000.t2t with 28.6940000
2019-05-10 22:51:11 1546272000000.t2t sell at 28.6940000
 -28.673    28.694 sell gate    30.883
2019-05-10 22:51:11  closed at 1546286400000.t2t with 28.6730000
2019-05-10 22:51:11 1546286400000.t2t sell at 28.6730000
 -28.640    28.673 sell gate    30.883
2019-05-10 22:51:11  closed at 1546300800000.t2t with 28.6400000
2019-05-10 22:51:11 1546300800000.t2t sell at 28.6400000
 -29.127    28.640 sell gate    30.883
2019-05-10 22:51:11 greedy signal sell at 28.64 => 29.127
 -29.286    28.640 sell gate    30.883
2019-05-10 22:51:11 greedy signal sell at 29.127 => 29.286
 -28.985    28.640 sell gate    30.883
2019-05-10 22:51:11 greedy signal sell at 29.286 => 28.985
 -29.355    28.640 sell gate    30.883
2019-05-10 22:51:11 greedy signal sell at 28.985 => 29.355
 -30.324    28.640 sell gate    30.883
2019-05-10 22:51:11 greedy signal sell at 29.355 => 30.324
 -30.449    28.640 sell gate    30.883
2019-05-10 22:51:11 greedy signal sell at 30.324 => 30.449
 -30.531    28.640 sell gate    30.883
2019-05-10 22:51:11 greedy signal sell at 30.449 => 30.531
 -31.091    28.640 sell gate    30.883
2019-05-10 22:51:11  closed at 1546416000000.t2t with 31.0910000
2019-05-10 22:51:11 1546416000000.t2t buy at 31.0910000
   30.954  -31.091 buy gate    28.640
2019-05-10 22:51:11 greedy signal buy at 31.091 => 30.954
   31.381  -31.091 buy gate    28.640
2019-05-10 22:51:11  closed at 1546444800000.t2t with 31.3810000
2019-05-10 22:51:11 1546444800000.t2t buy at 31.3810000
   31.610  -31.381 buy gate    28.640
2019-05-10 22:51:11  closed at 1546459200000.t2t with 31.6100000
2019-05-10 22:51:11 1546459200000.t2t buy at 31.6100000
   31.464  -31.610 buy gate    28.640
2019-05-10 22:51:11 greedy signal buy at 31.61 => 31.464
   31.341  -31.610 buy gate    28.640
2019-05-10 22:51:11 greedy signal buy at 31.464 => 31.341
   30.591  -31.610 buy gate    28.640
2019-05-10 22:51:11 greedy signal buy at 31.341 => 30.591
   30.583  -31.610 buy gate    28.640
2019-05-10 22:51:11 greedy signal buy at 30.591 => 30.583
   29.740  -31.610 buy gate    28.640
2019-05-10 22:51:11 greedy signal buy at 30.583 => 29.74
   30.188  -31.610 buy gate    28.640
2019-05-10 22:51:11 greedy signal buy at 29.74 => 30.188
   30.528  -31.610 buy gate    28.640
2019-05-10 22:51:11 greedy signal buy at 30.188 => 30.528
   30.853  -31.610 buy gate    28.640
2019-05-10 22:51:11 greedy signal buy at 30.528 => 30.853
   30.450  -31.610 buy gate    28.640
2019-05-10 22:51:11 greedy signal buy at 30.853 => 30.45
   30.011  -31.610 buy gate    28.640
2019-05-10 22:51:11 greedy signal buy at 30.45 => 30.011
   30.310  -31.610 buy gate    28.640
2019-05-10 22:51:11 greedy signal buy at 30.011 => 30.31
   30.733  -31.610 buy gate    28.640
2019-05-10 22:51:11 greedy signal buy at 30.31 => 30.733
   31.760  -31.610 buy gate    28.640
2019-05-10 22:51:11  closed at 1546646400000.t2t with 31.7600000
2019-05-10 22:51:11 1546646400000.t2t buy at 31.7600000
   31.435  -31.760 buy gate    28.640
2019-05-10 22:51:11 greedy signal buy at 31.76 => 31.435
   32.581  -31.760 buy gate    28.640
2019-05-10 22:51:11  closed at 1546675200000.t2t with 32.5810000
2019-05-10 22:51:11 1546675200000.t2t buy at 32.5810000
   33.492  -32.581 buy gate    28.640
2019-05-10 22:51:11  closed at 1546689600000.t2t with 33.4920000
2019-05-10 22:51:11 1546689600000.t2t buy at 33.4920000
   33.590  -33.492 buy gate    28.640
2019-05-10 22:51:11  closed at 1546704000000.t2t with 33.5900000
2019-05-10 22:51:11 1546704000000.t2t buy at 33.5900000
   32.926  -33.590 buy gate    28.640
2019-05-10 22:51:11 greedy signal buy at 33.59 => 32.926
   33.138  -33.590 buy gate    28.640
2019-05-10 22:51:11 greedy signal buy at 32.926 => 33.138
   33.188  -33.590 buy gate    28.640
2019-05-10 22:51:11 greedy signal buy at 33.138 => 33.188
   35.622  -33.590 buy gate    28.640
2019-05-10 22:51:11  closed at 1546761600000.t2t with 35.6220000
2019-05-10 22:51:11 1546761600000.t2t buy at 35.6220000
   36.178  -35.622 buy gate    28.640
2019-05-10 22:51:11  closed at 1546776000000.t2t with 36.1780000
2019-05-10 22:51:11 1546776000000.t2t buy at 36.1780000
   37.223  -36.178 buy gate    28.640
2019-05-10 22:51:11  closed at 1546790400000.t2t with 37.2230000
2019-05-10 22:51:11 1546790400000.t2t buy at 37.2230000
   37.070  -37.223 buy gate    28.640
2019-05-10 22:51:11 greedy signal buy at 37.223 => 37.07
   36.704  -37.223 buy gate    28.640
2019-05-10 22:51:11 greedy signal buy at 37.07 => 36.704
   37.566  -37.223 buy gate    28.640
2019-05-10 22:51:11  closed at 1546833600000.t2t with 37.5660000
2019-05-10 22:51:11 1546833600000.t2t buy at 37.5660000
   36.694  -37.566 buy gate    28.640
2019-05-10 22:51:11 greedy signal buy at 37.566 => 36.694
   36.491  -37.566 buy gate    28.640
2019-05-10 22:51:11 greedy signal buy at 36.694 => 36.491
   36.719  -37.566 buy gate    28.640
2019-05-10 22:51:11 greedy signal buy at 36.491 => 36.719
   36.141  -37.566 buy gate    28.640
2019-05-10 22:51:11 greedy signal buy at 36.719 => 36.141
   36.300  -37.566 buy gate    28.640
2019-05-10 22:51:11 greedy signal buy at 36.141 => 36.3
   36.659  -37.566 buy gate    28.640
2019-05-10 22:51:11 greedy signal buy at 36.3 => 36.659
   37.938  -37.566 buy gate    28.640
2019-05-10 22:51:11  closed at 1546934400000.t2t with 37.9380000
2019-05-10 22:51:11 1546934400000.t2t buy at 37.9380000
   38.088  -37.938 buy gate    28.640
2019-05-10 22:51:11  closed at 1546948800000.t2t with 38.0880000
2019-05-10 22:51:11 1546948800000.t2t buy at 38.0880000
   37.383  -38.088 buy gate    28.640
2019-05-10 22:51:11 greedy signal buy at 38.088 => 37.383
   37.249  -38.088 buy gate    28.640
2019-05-10 22:51:11 greedy signal buy at 37.383 => 37.249
   37.730  -38.088 buy gate    28.640
2019-05-10 22:51:11 greedy signal buy at 37.249 => 37.73
   37.443  -38.088 buy gate    28.640
2019-05-10 22:51:11 greedy signal buy at 37.73 => 37.443
   37.712  -38.088 buy gate    28.640
2019-05-10 22:51:11 greedy signal buy at 37.443 => 37.712
   37.078  -38.088 buy gate    28.640
2019-05-10 22:51:11 greedy signal buy at 37.712 => 37.078
   37.466  -38.088 buy gate    28.640
2019-05-10 22:51:11 greedy signal buy at 37.078 => 37.466
   36.877  -38.088 buy gate    28.640
2019-05-10 22:51:11 greedy signal buy at 37.466 => 36.877
   37.256  -38.088 buy gate    28.640
2019-05-10 22:51:11 greedy signal buy at 36.877 => 37.256
   34.051  -38.088 buy gate    28.640
2019-05-10 22:51:11  closed at 1547092800000.t2t with 34.0510000  # 爆仓了，gate没有更新
2019-05-10 22:51:11 1547092800000.t2t sell at 34.0510000
 -32.952    34.051 sell gate    28.640
2019-05-10 22:51:11  closed at 1547107200000.t2t with 32.9520000
2019-05-10 22:51:11 1547107200000.t2t sell at 32.9520000
 -32.573    32.952 sell gate    28.640
2019-05-10 22:51:11  closed at 1547121600000.t2t with 32.5730000
2019-05-10 22:51:11 1547121600000.t2t sell at 32.5730000
 -31.643    32.573 sell gate    28.640
2019-05-10 22:51:11  closed at 1547136000000.t2t with 31.6430000
2019-05-10 22:51:11 1547136000000.t2t sell at 31.6430000
 -31.654    31.643 sell gate    28.640
2019-05-10 22:51:11  closed at 1547150400000.t2t with 31.6540000
2019-05-10 22:51:11 1547150400000.t2t buy at 31.6540000
   31.162  -31.654 buy gate    31.643
2019-05-10 22:51:11  closed at 1547164800000.t2t with 31.1620000
2019-05-10 22:51:11 1547164800000.t2t sell at 31.1620000
 -31.533    31.162 sell gate    31.654
2019-05-10 22:51:11 greedy signal sell at 31.162 => 31.533
 -31.372    31.162 sell gate    31.654
2019-05-10 22:51:11 greedy signal sell at 31.533 => 31.372
 -30.969    31.162 sell gate    31.654
2019-05-10 22:51:11  closed at 1547208000000.t2t with 30.9690000
2019-05-10 22:51:11 1547208000000.t2t sell at 30.9690000
 -31.111    30.969 sell gate    31.654
2019-05-10 22:51:11 greedy signal sell at 30.969 => 31.111
 -30.270    30.969 sell gate    31.654
2019-05-10 22:51:11  closed at 1547236800000.t2t with 30.2700000
2019-05-10 22:51:11 1547236800000.t2t sell at 30.2700000
 -30.569    30.270 sell gate    31.654
2019-05-10 22:51:11 greedy signal sell at 30.27 => 30.569
 -30.367    30.270 sell gate    31.654
2019-05-10 22:51:11 greedy signal sell at 30.569 => 30.367
 -30.224    30.270 sell gate    31.654
2019-05-10 22:51:11  closed at 1547280000000.t2t with 30.2240000
2019-05-10 22:51:11 1547280000000.t2t sell at 30.2240000
 -30.296    30.224 sell gate    31.654
2019-05-10 22:51:11 greedy signal sell at 30.224 => 30.296
 -29.986    30.224 sell gate    31.654
2019-05-10 22:51:11  closed at 1547308800000.t2t with 29.9860000
2019-05-10 22:51:11 1547308800000.t2t sell at 29.9860000
 -30.197    29.986 sell gate    31.654
2019-05-10 22:51:11 greedy signal sell at 29.986 => 30.197
 -30.968    29.986 sell gate    31.654
2019-05-10 22:51:11 greedy signal sell at 30.197 => 30.968
 -30.981    29.986 sell gate    31.654
2019-05-10 22:51:11 greedy signal sell at 30.968 => 30.981
 -30.710    29.986 sell gate    31.654
2019-05-10 22:51:11 greedy signal sell at 30.981 => 30.71
 -30.407    29.986 sell gate    31.654
2019-05-10 22:51:11 greedy signal sell at 30.71 => 30.407
 -28.534    29.986 sell gate    31.654
2019-05-10 22:51:11  closed at 1547395200000.t2t with 28.5340000
2019-05-10 22:51:11 1547395200000.t2t sell at 28.5340000
 -28.364    28.534 sell gate    31.654
2019-05-10 22:51:11  closed at 1547409600000.t2t with 28.3640000
2019-05-10 22:51:11 1547409600000.t2t sell at 28.3640000
 -28.697    28.364 sell gate    31.654
2019-05-10 22:51:11 greedy signal sell at 28.364 => 28.697
 -28.705    28.364 sell gate    31.654
2019-05-10 22:51:11 greedy signal sell at 28.697 => 28.705
 -28.603    28.364 sell gate    31.654
2019-05-10 22:51:11 greedy signal sell at 28.705 => 28.603
 -30.882    28.364 sell gate    31.654
2019-05-10 22:51:11 greedy signal sell at 28.603 => 30.882
 -30.685    28.364 sell gate    31.654
2019-05-10 22:51:11  closed at 1547481600000.t2t with 30.6850000
2019-05-10 22:51:11 1547481600000.t2t sell at 30.6850000
 -30.570    30.685 sell gate    31.654
2019-05-10 22:51:11  closed at 1547496000000.t2t with 30.5700000
2019-05-10 22:51:11 1547496000000.t2t sell at 30.5700000
 -30.763    30.570 sell gate    31.654
2019-05-10 22:51:11 greedy signal sell at 30.57 => 30.763
 -30.789    30.570 sell gate    31.654
2019-05-10 22:51:11 greedy signal sell at 30.763 => 30.789
 -30.261    30.570 sell gate    31.654
2019-05-10 22:51:11  closed at 1547539200000.t2t with 30.2610000
2019-05-10 22:51:11 1547539200000.t2t sell at 30.2610000
 -30.134    30.261 sell gate    31.654
2019-05-10 22:51:11  closed at 1547553600000.t2t with 30.1340000
2019-05-10 22:51:11 1547553600000.t2t sell at 30.1340000
 -30.444    30.134 sell gate    31.654
2019-05-10 22:51:11 greedy signal sell at 30.134 => 30.444
 -29.415    30.134 sell gate    31.654
2019-05-10 22:51:11  closed at 1547582400000.t2t with 29.4150000
2019-05-10 22:51:11 1547582400000.t2t sell at 29.4150000
 -29.537    29.415 sell gate    31.654
2019-05-10 22:51:11 greedy signal sell at 29.415 => 29.537
 -29.302    29.415 sell gate    31.654
2019-05-10 22:51:11  closed at 1547611200000.t2t with 29.3020000
2019-05-10 22:51:11 1547611200000.t2t sell at 29.3020000
 -29.893    29.302 sell gate    31.654
2019-05-10 22:51:11 greedy signal sell at 29.302 => 29.893
 -29.796    29.302 sell gate    31.654
2019-05-10 22:51:11 greedy signal sell at 29.893 => 29.796
 -29.935    29.302 sell gate    31.654
2019-05-10 22:51:11 greedy signal sell at 29.796 => 29.935
 -30.036    29.302 sell gate    31.654
2019-05-10 22:51:11 greedy signal sell at 29.935 => 30.036
 -29.467    29.302 sell gate    31.654
2019-05-10 22:51:11 greedy signal sell at 30.036 => 29.467
 -29.396    29.302 sell gate    31.654
2019-05-10 22:51:11 greedy signal sell at 29.467 => 29.396
 -29.320    29.302 sell gate    31.654
2019-05-10 22:51:11 greedy signal sell at 29.396 => 29.32
 -29.647    29.302 sell gate    31.654
2019-05-10 22:51:11 greedy signal sell at 29.32 => 29.647
 -29.836    29.302 sell gate    31.654
2019-05-10 22:51:11 greedy signal sell at 29.647 => 29.836
 -30.273    29.302 sell gate    31.654
2019-05-10 22:51:11 greedy signal sell at 29.836 => 30.273
 -29.929    29.302 sell gate    31.654
2019-05-10 22:51:11 greedy signal sell at 30.273 => 29.929
 -30.039    29.302 sell gate    31.654
2019-05-10 22:51:11 greedy signal sell at 29.929 => 30.039
 -29.634    29.302 sell gate    31.654
2019-05-10 22:51:11 greedy signal sell at 30.039 => 29.634
 -29.881    29.302 sell gate    31.654
2019-05-10 22:51:11 greedy signal sell at 29.634 => 29.881
 -29.565    29.302 sell gate    31.654
2019-05-10 22:51:11 greedy signal sell at 29.881 => 29.565
 -29.678    29.302 sell gate    31.654
2019-05-10 22:51:11 greedy signal sell at 29.565 => 29.678
 -30.051    29.302 sell gate    31.654
2019-05-10 22:51:11 greedy signal sell at 29.678 => 30.051
 -29.893    29.302 sell gate    31.654
2019-05-10 22:51:11 greedy signal sell at 30.051 => 29.893
 -31.514    29.302 sell gate    31.654
2019-05-10 22:51:11 greedy signal sell at 29.893 => 31.514
 -31.042    29.302 sell gate    31.654
2019-05-10 22:51:11 greedy signal sell at 31.514 => 31.042
 -31.338    29.302 sell gate    31.654
2019-05-10 22:51:11 greedy signal sell at 31.042 => 31.338
 -31.012    29.302 sell gate    31.654
2019-05-10 22:51:11 greedy signal sell at 31.338 => 31.012
 -31.383    29.302 sell gate    31.654
2019-05-10 22:51:11 greedy signal sell at 31.012 => 31.383
 -31.586    29.302 sell gate    31.654
2019-05-10 22:51:11 greedy signal sell at 31.383 => 31.586
 -30.196    29.302 sell gate    31.654
2019-05-10 22:51:11 greedy signal sell at 31.586 => 30.196
 -29.385    29.302 sell gate    31.654
2019-05-10 22:51:11 greedy signal sell at 30.196 => 29.385
 -29.133    29.302 sell gate    31.654
2019-05-10 22:51:11  closed at 1548000000000.t2t with 29.1330000
2019-05-10 22:51:11 1548000000000.t2t sell at 29.1330000
 -29.198    29.133 sell gate    31.654
2019-05-10 22:51:11 greedy signal sell at 29.133 => 29.198
 -29.315    29.133 sell gate    31.654
2019-05-10 22:51:11 greedy signal sell at 29.198 => 29.315
 -29.425    29.133 sell gate    31.654
2019-05-10 22:51:11 greedy signal sell at 29.315 => 29.425
 -29.701    29.133 sell gate    31.654
2019-05-10 22:51:11 greedy signal sell at 29.425 => 29.701
 -29.409    29.133 sell gate    31.654
2019-05-10 22:51:11 greedy signal sell at 29.701 => 29.409
 -29.460    29.133 sell gate    31.654
2019-05-10 22:51:11 greedy signal sell at 29.409 => 29.46
 -29.616    29.133 sell gate    31.654
2019-05-10 22:51:11 greedy signal sell at 29.46 => 29.616
 -29.480    29.133 sell gate    31.654
2019-05-10 22:51:11 greedy signal sell at 29.616 => 29.48
 -29.384    29.133 sell gate    31.654
2019-05-10 22:51:11 greedy signal sell at 29.48 => 29.384
 -29.390    29.133 sell gate    31.654
2019-05-10 22:51:11 greedy signal sell at 29.384 => 29.39
 -30.404    29.133 sell gate    31.654
2019-05-10 22:51:11 greedy signal sell at 29.39 => 30.404
 -30.608    29.133 sell gate    31.654
2019-05-10 22:51:11 greedy signal sell at 30.404 => 30.608
 -30.447    29.133 sell gate    31.654
2019-05-10 22:51:11 greedy signal sell at 30.608 => 30.447
 -30.710    29.133 sell gate    31.654
2019-05-10 22:51:11 greedy signal sell at 30.447 => 30.71
 -30.423    29.133 sell gate    31.654
2019-05-10 22:51:11 greedy signal sell at 30.71 => 30.423
 -30.944    29.133 sell gate    31.654
2019-05-10 22:51:11 greedy signal sell at 30.423 => 30.944
 -30.458    29.133 sell gate    31.654
2019-05-10 22:51:11 greedy signal sell at 30.944 => 30.458
 -30.584    29.133 sell gate    31.654
2019-05-10 22:51:11 greedy signal sell at 30.458 => 30.584
 -30.747    29.133 sell gate    31.654
2019-05-10 22:51:11 greedy signal sell at 30.584 => 30.747
 -30.194    29.133 sell gate    31.654
2019-05-10 22:51:11 greedy signal sell at 30.747 => 30.194
 -30.385    29.133 sell gate    31.654
2019-05-10 22:51:11 greedy signal sell at 30.194 => 30.385
 -30.582    29.133 sell gate    31.654
2019-05-10 22:51:11 greedy signal sell at 30.385 => 30.582
 -30.943    29.133 sell gate    31.654
2019-05-10 22:51:11 greedy signal sell at 30.582 => 30.943
 -31.694    29.133 sell gate    31.654
2019-05-10 22:51:11  closed at 1548345600000.t2t with 31.6940000
2019-05-10 22:51:11 1548345600000.t2t buy at 31.6940000
   31.633  -31.694 buy gate    31.654
2019-05-10 22:51:11  closed at 1548360000000.t2t with 31.6330000
2019-05-10 22:51:11 1548360000000.t2t sell at 31.6330000
 -31.780    31.633 sell gate    31.694
2019-05-10 22:51:11  closed at 1548374400000.t2t with 31.7800000
2019-05-10 22:51:11 1548374400000.t2t buy at 31.7800000
   31.774  -31.780 buy gate    31.633
2019-05-10 22:51:11 greedy signal buy at 31.78 => 31.774
   31.347  -31.780 buy gate    31.633
2019-05-10 22:51:11  closed at 1548403200000.t2t with 31.3470000
2019-05-10 22:51:11 1548403200000.t2t sell at 31.3470000
 -31.574    31.347 sell gate    31.780
2019-05-10 22:51:11 greedy signal sell at 31.347 => 31.574
 -31.190    31.347 sell gate    31.780
2019-05-10 22:51:11  closed at 1548432000000.t2t with 31.1900000
2019-05-10 22:51:11 1548432000000.t2t sell at 31.1900000
 -31.642    31.190 sell gate    31.780
2019-05-10 22:51:11 greedy signal sell at 31.19 => 31.642
 -31.879    31.190 sell gate    31.780
2019-05-10 22:51:11  closed at 1548460800000.t2t with 31.8790000
2019-05-10 22:51:11 1548460800000.t2t buy at 31.8790000
   32.393  -31.879 buy gate    31.190
2019-05-10 22:51:11  closed at 1548475200000.t2t with 32.3930000
2019-05-10 22:51:11 1548475200000.t2t buy at 32.3930000
   32.216  -32.393 buy gate    31.190
2019-05-10 22:51:11 greedy signal buy at 32.393 => 32.216
   31.912  -32.393 buy gate    31.190
2019-05-10 22:51:11 greedy signal buy at 32.216 => 31.912
   31.762  -32.393 buy gate    31.190
2019-05-10 22:51:11 greedy signal buy at 31.912 => 31.762
   31.675  -32.393 buy gate    31.190
2019-05-10 22:51:11 greedy signal buy at 31.762 => 31.675
   31.910  -32.393 buy gate    31.190
2019-05-10 22:51:11 greedy signal buy at 31.675 => 31.91
   31.780  -32.393 buy gate    31.190
2019-05-10 22:51:11 greedy signal buy at 31.91 => 31.78
   31.430  -32.393 buy gate    31.190
2019-05-10 22:51:11 greedy signal buy at 31.78 => 31.43
   31.384  -32.393 buy gate    31.190
2019-05-10 22:51:11 greedy signal buy at 31.43 => 31.384
   31.589  -32.393 buy gate    31.190
2019-05-10 22:51:11 greedy signal buy at 31.384 => 31.589
   31.155  -32.393 buy gate    31.190
2019-05-10 22:51:11  closed at 1548619200000.t2t with 31.1550000
2019-05-10 22:51:11 1548619200000.t2t sell at 31.1550000
 -30.189    31.155 sell gate    32.393
2019-05-10 22:51:11  closed at 1548633600000.t2t with 30.1890000
2019-05-10 22:51:11 1548633600000.t2t sell at 30.1890000
 -30.031    30.189 sell gate    32.393
2019-05-10 22:51:11  closed at 1548648000000.t2t with 30.0310000
2019-05-10 22:51:11 1548648000000.t2t sell at 30.0310000
 -29.467    30.031 sell gate    32.393
2019-05-10 22:51:11  closed at 1548662400000.t2t with 29.4670000
2019-05-10 22:51:11 1548662400000.t2t sell at 29.4670000
 -29.431    29.467 sell gate    32.393
2019-05-10 22:51:11  closed at 1548676800000.t2t with 29.4310000
2019-05-10 22:51:11 1548676800000.t2t sell at 29.4310000
 -29.223    29.431 sell gate    32.393
2019-05-10 22:51:11  closed at 1548691200000.t2t with 29.2230000
2019-05-10 22:51:11 1548691200000.t2t sell at 29.2230000
 -29.850    29.223 sell gate    32.393
2019-05-10 22:51:11 greedy signal sell at 29.223 => 29.85
 -29.628    29.223 sell gate    32.393
2019-05-10 22:51:11 greedy signal sell at 29.85 => 29.628
 -29.224    29.223 sell gate    32.393
2019-05-10 22:51:11 greedy signal sell at 29.628 => 29.224
 -29.504    29.223 sell gate    32.393
2019-05-10 22:51:11 greedy signal sell at 29.224 => 29.504
 -30.053    29.223 sell gate    32.393
2019-05-10 22:51:11 greedy signal sell at 29.504 => 30.053
 -29.917    29.223 sell gate    32.393
2019-05-10 22:51:11 greedy signal sell at 30.053 => 29.917
 -29.765    29.223 sell gate    32.393
2019-05-10 22:51:11 greedy signal sell at 29.917 => 29.765
 -29.823    29.223 sell gate    32.393
2019-05-10 22:51:11 greedy signal sell at 29.765 => 29.823
 -29.735    29.223 sell gate    32.393
2019-05-10 22:51:11 greedy signal sell at 29.823 => 29.735
 -29.792    29.223 sell gate    32.393
2019-05-10 22:51:11 greedy signal sell at 29.735 => 29.792
 -30.661    29.223 sell gate    32.393
2019-05-10 22:51:11 greedy signal sell at 29.792 => 30.661
 -30.525    29.223 sell gate    32.393
2019-05-10 22:51:11 greedy signal sell at 30.661 => 30.525
 -30.594    29.223 sell gate    32.393
2019-05-10 22:51:11 greedy signal sell at 30.525 => 30.594
 -30.974    29.223 sell gate    32.393
2019-05-10 22:51:11 greedy signal sell at 30.594 => 30.974
 -30.901    29.223 sell gate    32.393
2019-05-10 22:51:11 greedy signal sell at 30.974 => 30.901
 -30.353    29.223 sell gate    32.393
2019-05-10 22:51:11 greedy signal sell at 30.901 => 30.353
 -30.369    29.223 sell gate    32.393
2019-05-10 22:51:11 greedy signal sell at 30.353 => 30.369
 -30.286    29.223 sell gate    32.393
2019-05-10 22:51:11 greedy signal sell at 30.369 => 30.286
 -30.420    29.223 sell gate    32.393
2019-05-10 22:51:11 greedy signal sell at 30.286 => 30.42
 -30.059    29.223 sell gate    32.393
2019-05-10 22:51:11 greedy signal sell at 30.42 => 30.059
 -30.078    29.223 sell gate    32.393
2019-05-10 22:51:11 greedy signal sell at 30.059 => 30.078
 -30.928    29.223 sell gate    32.393
2019-05-10 22:51:11 greedy signal sell at 30.078 => 30.928
 -31.220    29.223 sell gate    32.393
2019-05-10 22:51:11 greedy signal sell at 30.928 => 31.22
 -31.890    29.223 sell gate    32.393
2019-05-10 22:51:11  closed at 1549036800000.t2t with 31.8900000
2019-05-10 22:51:11 1549036800000.t2t buy at 31.8900000
   31.546  -31.890 buy gate    32.393
2019-05-10 22:51:11  closed at 1549051200000.t2t with 31.5460000
2019-05-10 22:51:11 1549051200000.t2t sell at 31.5460000
 -31.752    31.546 sell gate    31.890
2019-05-10 22:51:11 greedy signal sell at 31.546 => 31.752
 -31.642    31.546 sell gate    31.890
2019-05-10 22:51:11 greedy signal sell at 31.752 => 31.642
 -32.094    31.546 sell gate    31.890
2019-05-10 22:51:11  closed at 1549094400000.t2t with 32.0940000
2019-05-10 22:51:11 1549094400000.t2t buy at 32.0940000
   31.858  -32.094 buy gate    31.546
2019-05-10 22:51:11 greedy signal buy at 32.094 => 31.858
   32.144  -32.094 buy gate    31.546
2019-05-10 22:51:11  closed at 1549123200000.t2t with 32.1440000
2019-05-10 22:51:11 1549123200000.t2t buy at 32.1440000
   33.625  -32.144 buy gate    31.546
2019-05-10 22:51:11  closed at 1549137600000.t2t with 33.6250000
2019-05-10 22:51:11 1549137600000.t2t buy at 33.6250000
   33.281  -33.625 buy gate    31.546
2019-05-10 22:51:11 greedy signal buy at 33.625 => 33.281
   32.665  -33.625 buy gate    31.546
2019-05-10 22:51:11 greedy signal buy at 33.281 => 32.665
   32.631  -33.625 buy gate    31.546
2019-05-10 22:51:11 greedy signal buy at 32.665 => 32.631
   32.407  -33.625 buy gate    31.546
2019-05-10 22:51:11 greedy signal buy at 32.631 => 32.407
   32.239  -33.625 buy gate    31.546
2019-05-10 22:51:11 greedy signal buy at 32.407 => 32.239
   32.285  -33.625 buy gate    31.546
2019-05-10 22:51:11 greedy signal buy at 32.239 => 32.285
   32.583  -33.625 buy gate    31.546
2019-05-10 22:51:11 greedy signal buy at 32.285 => 32.583
   32.521  -33.625 buy gate    31.546
2019-05-10 22:51:11 greedy signal buy at 32.583 => 32.521
   32.371  -33.625 buy gate    31.546
2019-05-10 22:51:11 greedy signal buy at 32.521 => 32.371
   32.739  -33.625 buy gate    31.546
2019-05-10 22:51:11 greedy signal buy at 32.371 => 32.739
   33.050  -33.625 buy gate    31.546
2019-05-10 22:51:11 greedy signal buy at 32.739 => 33.05
   32.731  -33.625 buy gate    31.546
2019-05-10 22:51:11 greedy signal buy at 33.05 => 32.731
   32.926  -33.625 buy gate    31.546
2019-05-10 22:51:11 greedy signal buy at 32.731 => 32.926
   32.984  -33.625 buy gate    31.546
2019-05-10 22:51:11 greedy signal buy at 32.926 => 32.984
   32.855  -33.625 buy gate    31.546
2019-05-10 22:51:11 greedy signal buy at 32.984 => 32.855
   32.650  -33.625 buy gate    31.546
2019-05-10 22:51:11 greedy signal buy at 32.855 => 32.65
   32.945  -33.625 buy gate    31.546
2019-05-10 22:51:11 greedy signal buy at 32.65 => 32.945
   33.080  -33.625 buy gate    31.546
2019-05-10 22:51:11 greedy signal buy at 32.945 => 33.08
   31.549  -33.625 buy gate    31.546
2019-05-10 22:51:11 greedy signal buy at 33.08 => 31.549
   31.756  -33.625 buy gate    31.546
2019-05-10 22:51:11 greedy signal buy at 31.549 => 31.756
   31.387  -33.625 buy gate    31.546
2019-05-10 22:51:11  closed at 1549440000000.t2t with 31.3870000
2019-05-10 22:51:11 1549440000000.t2t sell at 31.3870000
 -31.776    31.387 sell gate    33.625
2019-05-10 22:51:11 greedy signal sell at 31.387 => 31.776
 -31.533    31.387 sell gate    33.625
2019-05-10 22:51:11 greedy signal sell at 31.776 => 31.533
 -31.580    31.387 sell gate    33.625
2019-05-10 22:51:11 greedy signal sell at 31.533 => 31.58
 -31.999    31.387 sell gate    33.625
2019-05-10 22:51:11 greedy signal sell at 31.58 => 31.999
 -31.930    31.387 sell gate    33.625
2019-05-10 22:51:11 greedy signal sell at 31.999 => 31.93
 -32.021    31.387 sell gate    33.625
2019-05-10 22:51:11 greedy signal sell at 31.93 => 32.021
 -31.987    31.387 sell gate    33.625
2019-05-10 22:51:11 greedy signal sell at 32.021 => 31.987
 -31.884    31.387 sell gate    33.625
2019-05-10 22:51:11 greedy signal sell at 31.987 => 31.884
 -32.059    31.387 sell gate    33.625
2019-05-10 22:51:11 greedy signal sell at 31.884 => 32.059
 -32.117    31.387 sell gate    33.625
2019-05-10 22:51:11 greedy signal sell at 32.059 => 32.117
 -32.454    31.387 sell gate    33.625
2019-05-10 22:51:11 greedy signal sell at 32.117 => 32.454
 -36.348    31.387 sell gate    33.625
2019-05-10 22:51:11  closed at 1549612800000.t2t with 36.3480000
2019-05-10 22:51:11 1549612800000.t2t buy at 36.3480000
   38.746  -36.348 buy gate    33.625
2019-05-10 22:51:11  closed at 1549627200000.t2t with 38.7460000
2019-05-10 22:51:11 1549627200000.t2t buy at 38.7460000
   41.827  -38.746 buy gate    33.625
2019-05-10 22:51:11  closed at 1549641600000.t2t with 41.8270000
2019-05-10 22:51:11 1549641600000.t2t buy at 41.8270000
   42.208  -41.827 buy gate    33.625
2019-05-10 22:51:11  closed at 1549656000000.t2t with 42.2080000
2019-05-10 22:51:11 1549656000000.t2t buy at 42.2080000
   42.360  -42.208 buy gate    33.625
2019-05-10 22:51:11  closed at 1549670400000.t2t with 42.3600000
2019-05-10 22:51:11 1549670400000.t2t buy at 42.3600000
   44.317  -42.360 buy gate    33.625
2019-05-10 22:51:11  closed at 1549684800000.t2t with 44.3170000
2019-05-10 22:51:11 1549684800000.t2t buy at 44.3170000
   43.985  -44.317 buy gate    33.625
2019-05-10 22:51:11 greedy signal buy at 44.317 => 43.985
   43.480  -44.317 buy gate    33.625
2019-05-10 22:51:11 greedy signal buy at 43.985 => 43.48
   43.500  -44.317 buy gate    33.625
2019-05-10 22:51:11 greedy signal buy at 43.48 => 43.5
   44.171  -44.317 buy gate    33.625
2019-05-10 22:51:11 greedy signal buy at 43.5 => 44.171
   43.594  -44.317 buy gate    33.625
2019-05-10 22:51:11 greedy signal buy at 44.171 => 43.594
   42.911  -44.317 buy gate    33.625
2019-05-10 22:51:11 greedy signal buy at 43.594 => 42.911
   43.430  -44.317 buy gate    33.625
2019-05-10 22:51:11 greedy signal buy at 42.911 => 43.43
   42.963  -44.317 buy gate    33.625
2019-05-10 22:51:11 greedy signal buy at 43.43 => 42.963
   45.528  -44.317 buy gate    33.625
2019-05-10 22:51:11  closed at 1549814400000.t2t with 45.5280000
2019-05-10 22:51:11 1549814400000.t2t buy at 45.5280000
   46.062  -45.528 buy gate    33.625
2019-05-10 22:51:11  closed at 1549828800000.t2t with 46.0620000
2019-05-10 22:51:11 1549828800000.t2t buy at 46.0620000
   43.383  -46.062 buy gate    33.625
2019-05-10 22:51:11 greedy signal buy at 46.062 => 43.383
   43.802  -46.062 buy gate    33.625
2019-05-10 22:51:11 greedy signal buy at 43.383 => 43.802
   43.312  -46.062 buy gate    33.625
2019-05-10 22:51:11 greedy signal buy at 43.802 => 43.312
   42.373  -46.062 buy gate    33.625
2019-05-10 22:51:11  closed at 1549886400000.t2t with 42.3730000
2019-05-10 22:51:11 1549886400000.t2t sell at 42.3730000
 -42.554    42.373 sell gate    33.625
2019-05-10 22:51:11  closed at 1549900800000.t2t with 42.5540000
2019-05-10 22:51:11 1549900800000.t2t buy at 42.5540000
   42.393  -42.554 buy gate    42.373
2019-05-10 22:51:11 greedy signal buy at 42.554 => 42.393
   43.173  -42.554 buy gate    42.373
2019-05-10 22:51:11  closed at 1549929600000.t2t with 43.1730000
2019-05-10 22:51:11 1549929600000.t2t buy at 43.1730000
   43.028  -43.173 buy gate    42.373
2019-05-10 22:51:11 greedy signal buy at 43.173 => 43.028
   43.024  -43.173 buy gate    42.373
2019-05-10 22:51:11 greedy signal buy at 43.028 => 43.024
   42.601  -43.173 buy gate    42.373
2019-05-10 22:51:11 greedy signal buy at 43.024 => 42.601
   43.131  -43.173 buy gate    42.373
2019-05-10 22:51:11 greedy signal buy at 42.601 => 43.131
   43.265  -43.173 buy gate    42.373
2019-05-10 22:51:11  closed at 1550001600000.t2t with 43.2650000
2019-05-10 22:51:11 1550001600000.t2t buy at 43.2650000
   43.511  -43.265 buy gate    42.373
2019-05-10 22:51:11  closed at 1550016000000.t2t with 43.5110000
2019-05-10 22:51:11 1550016000000.t2t buy at 43.5110000
   43.263  -43.511 buy gate    42.373
2019-05-10 22:51:11 greedy signal buy at 43.511 => 43.263
   42.085  -43.511 buy gate    42.373
2019-05-10 22:51:11  closed at 1550044800000.t2t with 42.0850000
2019-05-10 22:51:11 1550044800000.t2t sell at 42.0850000
 -40.414    42.085 sell gate    43.511
2019-05-10 22:51:11  closed at 1550059200000.t2t with 40.4140000
2019-05-10 22:51:11 1550059200000.t2t sell at 40.4140000
 -40.695    40.414 sell gate    43.511
2019-05-10 22:51:11 greedy signal sell at 40.414 => 40.695
 -40.982    40.414 sell gate    43.511
2019-05-10 22:51:11 greedy signal sell at 40.695 => 40.982
 -41.130    40.414 sell gate    43.511
2019-05-10 22:51:11 greedy signal sell at 40.982 => 41.13
 -40.599    40.414 sell gate    43.511
2019-05-10 22:51:11 greedy signal sell at 41.13 => 40.599
 -40.425    40.414 sell gate    43.511
2019-05-10 22:51:11 greedy signal sell at 40.599 => 40.425
 -41.095    40.414 sell gate    43.511
2019-05-10 22:51:11 greedy signal sell at 40.425 => 41.095
 -40.996    40.414 sell gate    43.511
2019-05-10 22:51:11 greedy signal sell at 41.095 => 40.996
 -40.794    40.414 sell gate    43.511
2019-05-10 22:51:11 greedy signal sell at 40.996 => 40.794
 -41.333    40.414 sell gate    43.511
2019-05-10 22:51:11 greedy signal sell at 40.794 => 41.333
 -41.952    40.414 sell gate    43.511
2019-05-10 22:51:11 greedy signal sell at 41.333 => 41.952
 -41.674    40.414 sell gate    43.511
2019-05-10 22:51:11 greedy signal sell at 41.952 => 41.674
 -41.212    40.414 sell gate    43.511
2019-05-10 22:51:11 greedy signal sell at 41.674 => 41.212
 -41.213    40.414 sell gate    43.511
2019-05-10 22:51:11 greedy signal sell at 41.212 => 41.213
 -41.836    40.414 sell gate    43.511
2019-05-10 22:51:11 greedy signal sell at 41.213 => 41.836
 -42.577    40.414 sell gate    43.511
2019-05-10 22:51:11 greedy signal sell at 41.836 => 42.577
 -43.153    40.414 sell gate    43.511
2019-05-10 22:51:11 greedy signal sell at 42.577 => 43.153
 -43.054    40.414 sell gate    43.511
2019-05-10 22:51:11 greedy signal sell at 43.153 => 43.054
 -43.230    40.414 sell gate    43.511
2019-05-10 22:51:11 greedy signal sell at 43.054 => 43.23
 -43.082    40.414 sell gate    43.511
2019-05-10 22:51:11 greedy signal sell at 43.23 => 43.082
 -42.683    40.414 sell gate    43.511
2019-05-10 22:51:11 greedy signal sell at 43.082 => 42.683
 -42.859    40.414 sell gate    43.511
2019-05-10 22:51:11 greedy signal sell at 42.683 => 42.859
 -43.235    40.414 sell gate    43.511
2019-05-10 22:51:11 greedy signal sell at 42.859 => 43.235
 -42.720    40.414 sell gate    43.511
2019-05-10 22:51:11 greedy signal sell at 43.235 => 42.72
 -42.100    40.414 sell gate    43.511
2019-05-10 22:51:11 greedy signal sell at 42.72 => 42.1
 -42.484    40.414 sell gate    43.511
2019-05-10 22:51:11 greedy signal sell at 42.1 => 42.484
 -43.122    40.414 sell gate    43.511
2019-05-10 22:51:11 greedy signal sell at 42.484 => 43.122
 -43.837    40.414 sell gate    43.511
2019-05-10 22:51:11  closed at 1550448000000.t2t with 43.8370000
2019-05-10 22:51:11 1550448000000.t2t buy at 43.8370000
   43.514  -43.837 buy gate    40.414
2019-05-10 22:51:11 greedy signal buy at 43.837 => 43.514
   45.199  -43.837 buy gate    40.414
2019-05-10 22:51:11  closed at 1550476800000.t2t with 45.1990000
2019-05-10 22:51:11 1550476800000.t2t buy at 45.1990000
   45.697  -45.199 buy gate    40.414
2019-05-10 22:51:11  closed at 1550491200000.t2t with 45.6970000
2019-05-10 22:51:11 1550491200000.t2t buy at 45.6970000
   47.509  -45.697 buy gate    40.414
2019-05-10 22:51:11  closed at 1550505600000.t2t with 47.5090000
2019-05-10 22:51:11 1550505600000.t2t buy at 47.5090000
   47.762  -47.509 buy gate    40.414
2019-05-10 22:51:11  closed at 1550520000000.t2t with 47.7620000
2019-05-10 22:51:11 1550520000000.t2t buy at 47.7620000
   47.664  -47.762 buy gate    40.414
2019-05-10 22:51:11 greedy signal buy at 47.762 => 47.664
   48.120  -47.762 buy gate    40.414
2019-05-10 22:51:11  closed at 1550548800000.t2t with 48.1200000
2019-05-10 22:51:11 1550548800000.t2t buy at 48.1200000
   48.899  -48.120 buy gate    40.414
2019-05-10 22:51:11  closed at 1550563200000.t2t with 48.8990000
2019-05-10 22:51:11 1550563200000.t2t buy at 48.8990000
   48.776  -48.899 buy gate    40.414
2019-05-10 22:51:11 greedy signal buy at 48.899 => 48.776
   48.368  -48.899 buy gate    40.414
2019-05-10 22:51:11 greedy signal buy at 48.776 => 48.368
   47.540  -48.899 buy gate    40.414
2019-05-10 22:51:11 greedy signal buy at 48.368 => 47.54
   47.600  -48.899 buy gate    40.414
2019-05-10 22:51:11 greedy signal buy at 47.54 => 47.6
   48.270  -48.899 buy gate    40.414
2019-05-10 22:51:11 greedy signal buy at 47.6 => 48.27
   51.006  -48.899 buy gate    40.414
2019-05-10 22:51:11  closed at 1550649600000.t2t with 51.0060000
2019-05-10 22:51:11 1550649600000.t2t buy at 51.0060000
   50.633  -51.006 buy gate    40.414
2019-05-10 22:51:11 greedy signal buy at 51.006 => 50.633
   50.700  -51.006 buy gate    40.414
2019-05-10 22:51:11 greedy signal buy at 50.633 => 50.7
   51.521  -51.006 buy gate    40.414
2019-05-10 22:51:11  closed at 1550692800000.t2t with 51.5210000
2019-05-10 22:51:11 1550692800000.t2t buy at 51.5210000
   51.089  -51.521 buy gate    40.414
2019-05-10 22:51:11 greedy signal buy at 51.521 => 51.089
   50.488  -51.521 buy gate    40.414
2019-05-10 22:51:11 greedy signal buy at 51.089 => 50.488
   48.927  -51.521 buy gate    40.414
2019-05-10 22:51:11 greedy signal buy at 50.488 => 48.927
   49.020  -51.521 buy gate    40.414
2019-05-10 22:51:11 greedy signal buy at 48.927 => 49.02
   48.658  -51.521 buy gate    40.414
2019-05-10 22:51:11 greedy signal buy at 49.02 => 48.658
   49.182  -51.521 buy gate    40.414
2019-05-10 22:51:11 greedy signal buy at 48.658 => 49.182
   49.449  -51.521 buy gate    40.414
2019-05-10 22:51:11 greedy signal buy at 49.182 => 49.449
   48.844  -51.521 buy gate    40.414
2019-05-10 22:51:11 greedy signal buy at 49.449 => 48.844
   49.717  -51.521 buy gate    40.414
2019-05-10 22:51:11 greedy signal buy at 48.844 => 49.717
   49.270  -51.521 buy gate    40.414
2019-05-10 22:51:11 greedy signal buy at 49.717 => 49.27
   49.532  -51.521 buy gate    40.414
2019-05-10 22:51:11 greedy signal buy at 49.27 => 49.532
   49.545  -51.521 buy gate    40.414
2019-05-10 22:51:11 greedy signal buy at 49.532 => 49.545
   49.244  -51.521 buy gate    40.414
2019-05-10 22:51:11 greedy signal buy at 49.545 => 49.244
   49.028  -51.521 buy gate    40.414
2019-05-10 22:51:11 greedy signal buy at 49.244 => 49.028
   49.251  -51.521 buy gate    40.414
2019-05-10 22:51:11 greedy signal buy at 49.028 => 49.251
   48.698  -51.521 buy gate    40.414
2019-05-10 22:51:11 greedy signal buy at 49.251 => 48.698
   51.612  -51.521 buy gate    40.414
2019-05-10 22:51:11  closed at 1550937600000.t2t with 51.6120000
2019-05-10 22:51:11 1550937600000.t2t buy at 51.6120000
   51.980  -51.612 buy gate    40.414
2019-05-10 22:51:11  closed at 1550952000000.t2t with 51.9800000
2019-05-10 22:51:11 1550952000000.t2t buy at 51.9800000
   53.170  -51.980 buy gate    40.414
2019-05-10 22:51:11  closed at 1550966400000.t2t with 53.1700000
2019-05-10 22:51:11 1550966400000.t2t buy at 53.1700000
   52.769  -53.170 buy gate    40.414
2019-05-10 22:51:11 greedy signal buy at 53.17 => 52.769
   52.960  -53.170 buy gate    40.414
2019-05-10 22:51:11 greedy signal buy at 52.769 => 52.96
   44.277  -53.170 buy gate    40.414
2019-05-10 22:51:11  closed at 1551009600000.t2t with 44.2770000
2019-05-10 22:51:11 1551009600000.t2t sell at 44.2770000
 -43.796    44.277 sell gate    40.414
2019-05-10 22:51:11  closed at 1551024000000.t2t with 43.7960000
2019-05-10 22:51:11 1551024000000.t2t sell at 43.7960000
 -43.341    43.796 sell gate    40.414
2019-05-10 22:51:11  closed at 1551038400000.t2t with 43.3410000
2019-05-10 22:51:11 1551038400000.t2t sell at 43.3410000
 -43.816    43.341 sell gate    40.414
2019-05-10 22:51:11  closed at 1551052800000.t2t with 43.8160000
2019-05-10 22:51:11 1551052800000.t2t buy at 43.8160000
   43.586  -43.816 buy gate    43.341
2019-05-10 22:51:11 greedy signal buy at 43.816 => 43.586
   43.727  -43.816 buy gate    43.341
2019-05-10 22:51:11 greedy signal buy at 43.586 => 43.727
   44.775  -43.816 buy gate    43.341
2019-05-10 22:51:11  closed at 1551096000000.t2t with 44.7750000
2019-05-10 22:51:11 1551096000000.t2t buy at 44.7750000
   45.888  -44.775 buy gate    43.341
2019-05-10 22:51:11  closed at 1551110400000.t2t with 45.8880000
2019-05-10 22:51:11 1551110400000.t2t buy at 45.8880000
   44.966  -45.888 buy gate    43.341
2019-05-10 22:51:11 greedy signal buy at 45.888 => 44.966
   45.158  -45.888 buy gate    43.341
2019-05-10 22:51:11 greedy signal buy at 44.966 => 45.158
   44.724  -45.888 buy gate    43.341
2019-05-10 22:51:11 greedy signal buy at 45.158 => 44.724
   44.667  -45.888 buy gate    43.341
2019-05-10 22:51:11 greedy signal buy at 44.724 => 44.667
   44.563  -45.888 buy gate    43.341
2019-05-10 22:51:11 greedy signal buy at 44.667 => 44.563
   43.940  -45.888 buy gate    43.341
2019-05-10 22:51:11 greedy signal buy at 44.563 => 43.94
   44.537  -45.888 buy gate    43.341
2019-05-10 22:51:11 greedy signal buy at 43.94 => 44.537
   44.520  -45.888 buy gate    43.341
2019-05-10 22:51:11 greedy signal buy at 44.537 => 44.52
   44.780  -45.888 buy gate    43.341
2019-05-10 22:51:11 greedy signal buy at 44.52 => 44.78
   44.819  -45.888 buy gate    43.341
2019-05-10 22:51:11 greedy signal buy at 44.78 => 44.819
   44.298  -45.888 buy gate    43.341
2019-05-10 22:51:11 greedy signal buy at 44.819 => 44.298
   44.412  -45.888 buy gate    43.341
2019-05-10 22:51:11 greedy signal buy at 44.298 => 44.412
   44.933  -45.888 buy gate    43.341
2019-05-10 22:51:11 greedy signal buy at 44.412 => 44.933
   45.318  -45.888 buy gate    43.341
2019-05-10 22:51:11 greedy signal buy at 44.933 => 45.318
   44.927  -45.888 buy gate    43.341
2019-05-10 22:51:11 greedy signal buy at 45.318 => 44.927
   45.501  -45.888 buy gate    43.341
2019-05-10 22:51:11 greedy signal buy at 44.927 => 45.501
   45.568  -45.888 buy gate    43.341
2019-05-10 22:51:11 greedy signal buy at 45.501 => 45.568
   45.385  -45.888 buy gate    43.341
2019-05-10 22:51:11 greedy signal buy at 45.568 => 45.385
   45.170  -45.888 buy gate    43.341
2019-05-10 22:51:11 greedy signal buy at 45.385 => 45.17
   45.601  -45.888 buy gate    43.341
2019-05-10 22:51:11 greedy signal buy at 45.17 => 45.601
   46.494  -45.888 buy gate    43.341
2019-05-10 22:51:11  closed at 1551412800000.t2t with 46.4940000
2019-05-10 22:51:11 1551412800000.t2t buy at 46.4940000
   46.578  -46.494 buy gate    43.341
2019-05-10 22:51:11  closed at 1551427200000.t2t with 46.5780000
2019-05-10 22:51:11 1551427200000.t2t buy at 46.5780000
   47.251  -46.578 buy gate    43.341
2019-05-10 22:51:11  closed at 1551441600000.t2t with 47.2510000
2019-05-10 22:51:11 1551441600000.t2t buy at 47.2510000
   47.830  -47.251 buy gate    43.341
2019-05-10 22:51:11  closed at 1551456000000.t2t with 47.8300000
2019-05-10 22:51:11 1551456000000.t2t buy at 47.8300000
   46.702  -47.830 buy gate    43.341
2019-05-10 22:51:11 greedy signal buy at 47.83 => 46.702
   47.228  -47.830 buy gate    43.341
2019-05-10 22:51:11 greedy signal buy at 46.702 => 47.228
   46.690  -47.830 buy gate    43.341
2019-05-10 22:51:11 greedy signal buy at 47.228 => 46.69
   48.068  -47.830 buy gate    43.341
2019-05-10 22:51:11  closed at 1551513600000.t2t with 48.0680000
2019-05-10 22:51:11 1551513600000.t2t buy at 48.0680000
   47.904  -48.068 buy gate    43.341
2019-05-10 22:51:11 greedy signal buy at 48.068 => 47.904
   47.766  -48.068 buy gate    43.341
2019-05-10 22:51:11 greedy signal buy at 47.904 => 47.766
   48.001  -48.068 buy gate    43.341
2019-05-10 22:51:11 greedy signal buy at 47.766 => 48.001
   48.087  -48.068 buy gate    43.341
2019-05-10 22:51:11  closed at 1551571200000.t2t with 48.0870000
2019-05-10 22:51:11 1551571200000.t2t buy at 48.0870000
   48.100  -48.087 buy gate    43.341
2019-05-10 22:51:11  closed at 1551585600000.t2t with 48.1000000
2019-05-10 22:51:11 1551585600000.t2t buy at 48.1000000
   48.050  -48.100 buy gate    43.341
2019-05-10 22:51:11 greedy signal buy at 48.1 => 48.05
   47.352  -48.100 buy gate    43.341
2019-05-10 22:51:11 greedy signal buy at 48.05 => 47.352
   47.414  -48.100 buy gate    43.341
2019-05-10 22:51:11 greedy signal buy at 47.352 => 47.414
   47.493  -48.100 buy gate    43.341
2019-05-10 22:51:11 greedy signal buy at 47.414 => 47.493
   47.240  -48.100 buy gate    43.341
2019-05-10 22:51:11 greedy signal buy at 47.493 => 47.24
   46.044  -48.100 buy gate    43.341
2019-05-10 22:51:11 greedy signal buy at 47.24 => 46.044
   45.156  -48.100 buy gate    43.341
2019-05-10 22:51:11 greedy signal buy at 46.044 => 45.156
   45.586  -48.100 buy gate    43.341
2019-05-10 22:51:11 greedy signal buy at 45.156 => 45.586
   45.482  -48.100 buy gate    43.341
2019-05-10 22:51:11 greedy signal buy at 45.586 => 45.482
   45.492  -48.100 buy gate    43.341
2019-05-10 22:51:11 greedy signal buy at 45.482 => 45.492
   45.499  -48.100 buy gate    43.341
2019-05-10 22:51:11 greedy signal buy at 45.492 => 45.499
   45.831  -48.100 buy gate    43.341
2019-05-10 22:51:11 greedy signal buy at 45.499 => 45.831
   46.920  -48.100 buy gate    43.341
2019-05-10 22:51:11 greedy signal buy at 45.831 => 46.92
   52.131  -48.100 buy gate    43.341
2019-05-10 22:51:11  closed at 1551787200000.t2t with 52.1310000
2019-05-10 22:51:11 1551787200000.t2t buy at 52.1310000
   52.483  -52.131 buy gate    43.341
2019-05-10 22:51:11  closed at 1551801600000.t2t with 52.4830000
2019-05-10 22:51:11 1551801600000.t2t buy at 52.4830000
   52.800  -52.483 buy gate    43.341
2019-05-10 22:51:11  closed at 1551816000000.t2t with 52.8000000
2019-05-10 22:51:11 1551816000000.t2t buy at 52.8000000
   51.959  -52.800 buy gate    43.341
2019-05-10 22:51:11 greedy signal buy at 52.8 => 51.959
   54.060  -52.800 buy gate    43.341
2019-05-10 22:51:11  closed at 1551844800000.t2t with 54.0600000
2019-05-10 22:51:11 1551844800000.t2t buy at 54.0600000
   55.720  -54.060 buy gate    43.341
2019-05-10 22:51:11  closed at 1551859200000.t2t with 55.7200000
2019-05-10 22:51:11 1551859200000.t2t buy at 55.7200000
   55.201  -55.720 buy gate    43.341
2019-05-10 22:51:11 greedy signal buy at 55.72 => 55.201
   54.896  -55.720 buy gate    43.341
2019-05-10 22:51:11 greedy signal buy at 55.201 => 54.896
   55.203  -55.720 buy gate    43.341
2019-05-10 22:51:11 greedy signal buy at 54.896 => 55.203
   56.770  -55.720 buy gate    43.341
2019-05-10 22:51:11  closed at 1551916800000.t2t with 56.7700000
2019-05-10 22:51:11 1551916800000.t2t buy at 56.7700000
   55.837  -56.770 buy gate    43.341
2019-05-10 22:51:11 greedy signal buy at 56.77 => 55.837
   55.489  -56.770 buy gate    43.341
2019-05-10 22:51:11 greedy signal buy at 55.837 => 55.489
   56.612  -56.770 buy gate    43.341
2019-05-10 22:51:11 greedy signal buy at 55.489 => 56.612
   56.602  -56.770 buy gate    43.341
2019-05-10 22:51:11 greedy signal buy at 56.612 => 56.602
   56.471  -56.770 buy gate    43.341
2019-05-10 22:51:11 greedy signal buy at 56.602 => 56.471
   55.315  -56.770 buy gate    43.341
2019-05-10 22:51:11 greedy signal buy at 56.471 => 55.315
   55.896  -56.770 buy gate    43.341
2019-05-10 22:51:11 greedy signal buy at 55.315 => 55.896
   55.941  -56.770 buy gate    43.341
2019-05-10 22:51:11 greedy signal buy at 55.896 => 55.941
   56.050  -56.770 buy gate    43.341
2019-05-10 22:51:11 greedy signal buy at 55.941 => 56.05
   56.413  -56.770 buy gate    43.341
2019-05-10 22:51:11 greedy signal buy at 56.05 => 56.413
   55.269  -56.770 buy gate    43.341
2019-05-10 22:51:11 greedy signal buy at 56.413 => 55.269
   56.543  -56.770 buy gate    43.341
2019-05-10 22:51:11 greedy signal buy at 55.269 => 56.543
   58.120  -56.770 buy gate    43.341
2019-05-10 22:51:11  closed at 1552104000000.t2t with 58.1200000
2019-05-10 22:51:11 1552104000000.t2t buy at 58.1200000
   58.150  -58.120 buy gate    43.341
2019-05-10 22:51:11  closed at 1552118400000.t2t with 58.1500000
2019-05-10 22:51:11 1552118400000.t2t buy at 58.1500000
   57.440  -58.150 buy gate    43.341
2019-05-10 22:51:11 greedy signal buy at 58.15 => 57.44
   56.742  -58.150 buy gate    43.341
2019-05-10 22:51:11 greedy signal buy at 57.44 => 56.742
   57.313  -58.150 buy gate    43.341
2019-05-10 22:51:11 greedy signal buy at 56.742 => 57.313
   56.881  -58.150 buy gate    43.341
2019-05-10 22:51:11 greedy signal buy at 57.313 => 56.881
   56.115  -58.150 buy gate    43.341
2019-05-10 22:51:11 greedy signal buy at 56.881 => 56.115
   56.490  -58.150 buy gate    43.341
2019-05-10 22:51:11 greedy signal buy at 56.115 => 56.49
   56.154  -58.150 buy gate    43.341
2019-05-10 22:51:11 greedy signal buy at 56.49 => 56.154
   55.896  -58.150 buy gate    43.341
2019-05-10 22:51:11 greedy signal buy at 56.154 => 55.896
   56.310  -58.150 buy gate    43.341
2019-05-10 22:51:11 greedy signal buy at 55.896 => 56.31
   56.633  -58.150 buy gate    43.341
2019-05-10 22:51:11 greedy signal buy at 56.31 => 56.633
   54.936  -58.150 buy gate    43.341
2019-05-10 22:51:11 greedy signal buy at 56.633 => 54.936
   54.246  -58.150 buy gate    43.341
2019-05-10 22:51:11 greedy signal buy at 54.936 => 54.246
   54.201  -58.150 buy gate    43.341
2019-05-10 22:51:11 greedy signal buy at 54.246 => 54.201
   53.812  -58.150 buy gate    43.341
2019-05-10 22:51:11 greedy signal buy at 54.201 => 53.812
   54.488  -58.150 buy gate    43.341
2019-05-10 22:51:11 greedy signal buy at 53.812 => 54.488
   52.263  -58.150 buy gate    43.341
2019-05-10 22:51:11  closed at 1552348800000.t2t with 52.2630000
2019-05-10 22:51:11 1552348800000.t2t sell at 52.2630000
 -53.304    52.263 sell gate    43.341
2019-05-10 22:51:11  closed at 1552363200000.t2t with 53.3040000
2019-05-10 22:51:11 1552363200000.t2t buy at 53.3040000
   56.202  -53.304 buy gate    52.263
2019-05-10 22:51:11  closed at 1552377600000.t2t with 56.2020000
2019-05-10 22:51:11 1552377600000.t2t buy at 56.2020000
   55.598  -56.202 buy gate    52.263
2019-05-10 22:51:11 greedy signal buy at 56.202 => 55.598
   55.806  -56.202 buy gate    52.263
2019-05-10 22:51:11 greedy signal buy at 55.598 => 55.806
   56.272  -56.202 buy gate    52.263
2019-05-10 22:51:11  closed at 1552420800000.t2t with 56.2720000
2019-05-10 22:51:11 1552420800000.t2t buy at 56.2720000
   56.312  -56.272 buy gate    52.263
2019-05-10 22:51:11  closed at 1552435200000.t2t with 56.3120000
2019-05-10 22:51:11 1552435200000.t2t buy at 56.3120000
   56.126  -56.312 buy gate    52.263
2019-05-10 22:51:11 greedy signal buy at 56.312 => 56.126
   54.712  -56.312 buy gate    52.263
2019-05-10 22:51:11 greedy signal buy at 56.126 => 54.712
   55.235  -56.312 buy gate    52.263
2019-05-10 22:51:11 greedy signal buy at 54.712 => 55.235
   55.053  -56.312 buy gate    52.263
2019-05-10 22:51:11 greedy signal buy at 55.235 => 55.053
   54.950  -56.312 buy gate    52.263
2019-05-10 22:51:11 greedy signal buy at 55.053 => 54.95
   55.309  -56.312 buy gate    52.263
2019-05-10 22:51:11 greedy signal buy at 54.95 => 55.309
   54.940  -56.312 buy gate    52.263
2019-05-10 22:51:11 greedy signal buy at 55.309 => 54.94
   54.995  -56.312 buy gate    52.263
2019-05-10 22:51:11 greedy signal buy at 54.94 => 54.995
   55.523  -56.312 buy gate    52.263
2019-05-10 22:51:11 greedy signal buy at 54.995 => 55.523
   55.351  -56.312 buy gate    52.263
2019-05-10 22:51:11 greedy signal buy at 55.523 => 55.351
   55.596  -56.312 buy gate    52.263
2019-05-10 22:51:11 greedy signal buy at 55.351 => 55.596
   56.018  -56.312 buy gate    52.263
2019-05-10 22:51:11 greedy signal buy at 55.596 => 56.018
   56.002  -56.312 buy gate    52.263
2019-05-10 22:51:11 greedy signal buy at 56.018 => 56.002
   57.590  -56.312 buy gate    52.263
2019-05-10 22:51:11  closed at 1552636800000.t2t with 57.5900000
2019-05-10 22:51:11 1552636800000.t2t buy at 57.5900000
   58.857  -57.590 buy gate    52.263
2019-05-10 22:51:11  closed at 1552651200000.t2t with 58.8570000
2019-05-10 22:51:11 1552651200000.t2t buy at 58.8570000
   59.541  -58.857 buy gate    52.263
2019-05-10 22:51:11  closed at 1552665600000.t2t with 59.5410000
2019-05-10 22:51:11 1552665600000.t2t buy at 59.5410000
   59.093  -59.541 buy gate    52.263
2019-05-10 22:51:11 greedy signal buy at 59.541 => 59.093
   61.720  -59.541 buy gate    52.263
2019-05-10 22:51:11  closed at 1552694400000.t2t with 61.7200000
2019-05-10 22:51:11 1552694400000.t2t buy at 61.7200000
   61.458  -61.720 buy gate    52.263
2019-05-10 22:51:11 greedy signal buy at 61.72 => 61.458
   61.480  -61.720 buy gate    52.263
2019-05-10 22:51:11 greedy signal buy at 61.458 => 61.48
   61.096  -61.720 buy gate    52.263
2019-05-10 22:51:11 greedy signal buy at 61.48 => 61.096
   61.412  -61.720 buy gate    52.263
2019-05-10 22:51:11 greedy signal buy at 61.096 => 61.412
   61.660  -61.720 buy gate    52.263
2019-05-10 22:51:11 greedy signal buy at 61.412 => 61.66
   60.952  -61.720 buy gate    52.263
2019-05-10 22:51:11 greedy signal buy at 61.66 => 60.952
   61.086  -61.720 buy gate    52.263
2019-05-10 22:51:11 greedy signal buy at 60.952 => 61.086
   61.223  -61.720 buy gate    52.263
2019-05-10 22:51:11 greedy signal buy at 61.086 => 61.223
   61.207  -61.720 buy gate    52.263
2019-05-10 22:51:11 greedy signal buy at 61.223 => 61.207
   61.225  -61.720 buy gate    52.263
2019-05-10 22:51:11 greedy signal buy at 61.207 => 61.225
   60.930  -61.720 buy gate    52.263
2019-05-10 22:51:11 greedy signal buy at 61.225 => 60.93
   61.793  -61.720 buy gate    52.263
2019-05-10 22:51:11  closed at 1552867200000.t2t with 61.7930000
2019-05-10 22:51:11 1552867200000.t2t buy at 61.7930000
   59.398  -61.793 buy gate    52.263
2019-05-10 22:51:11 greedy signal buy at 61.793 => 59.398
   59.129  -61.793 buy gate    52.263
2019-05-10 22:51:11 greedy signal buy at 59.398 => 59.129
   59.153  -61.793 buy gate    52.263
2019-05-10 22:51:11 greedy signal buy at 59.129 => 59.153
   58.789  -61.793 buy gate    52.263
2019-05-10 22:51:11 greedy signal buy at 59.153 => 58.789
   59.164  -61.793 buy gate    52.263
2019-05-10 22:51:11 greedy signal buy at 58.789 => 59.164
   59.175  -61.793 buy gate    52.263
2019-05-10 22:51:11 greedy signal buy at 59.164 => 59.175
   59.060  -61.793 buy gate    52.263
2019-05-10 22:51:11 greedy signal buy at 59.175 => 59.06
   59.204  -61.793 buy gate    52.263
2019-05-10 22:51:11 greedy signal buy at 59.06 => 59.204
   59.539  -61.793 buy gate    52.263
2019-05-10 22:51:11 greedy signal buy at 59.204 => 59.539
   59.500  -61.793 buy gate    52.263
2019-05-10 22:51:11 greedy signal buy at 59.539 => 59.5
   59.953  -61.793 buy gate    52.263
2019-05-10 22:51:11 greedy signal buy at 59.5 => 59.953
   59.099  -61.793 buy gate    52.263
2019-05-10 22:51:11 greedy signal buy at 59.953 => 59.099
   59.132  -61.793 buy gate    52.263
2019-05-10 22:51:11 greedy signal buy at 59.099 => 59.132
   60.409  -61.793 buy gate    52.263
2019-05-10 22:51:11 greedy signal buy at 59.132 => 60.409
   60.602  -61.793 buy gate    52.263
2019-05-10 22:51:11 greedy signal buy at 60.409 => 60.602
   60.428  -61.793 buy gate    52.263
2019-05-10 22:51:11 greedy signal buy at 60.602 => 60.428
   60.648  -61.793 buy gate    52.263
2019-05-10 22:51:11 greedy signal buy at 60.428 => 60.648
   60.225  -61.793 buy gate    52.263
2019-05-10 22:51:11 greedy signal buy at 60.648 => 60.225
   60.325  -61.793 buy gate    52.263
2019-05-10 22:51:11 greedy signal buy at 60.225 => 60.325
   60.060  -61.793 buy gate    52.263
2019-05-10 22:51:11 greedy signal buy at 60.325 => 60.06
   58.587  -61.793 buy gate    52.263
2019-05-10 22:51:11 greedy signal buy at 60.06 => 58.587
   58.567  -61.793 buy gate    52.263
2019-05-10 22:51:11 greedy signal buy at 58.587 => 58.567
   58.585  -61.793 buy gate    52.263
2019-05-10 22:51:11 greedy signal buy at 58.567 => 58.585
   58.450  -61.793 buy gate    52.263
2019-05-10 22:51:11 greedy signal buy at 58.585 => 58.45
   58.332  -61.793 buy gate    52.263
2019-05-10 22:51:11 greedy signal buy at 58.45 => 58.332
   58.820  -61.793 buy gate    52.263
2019-05-10 22:51:11 greedy signal buy at 58.332 => 58.82
   59.351  -61.793 buy gate    52.263
2019-05-10 22:51:11 greedy signal buy at 58.82 => 59.351
   59.469  -61.793 buy gate    52.263
2019-05-10 22:51:11 greedy signal buy at 59.351 => 59.469
   59.480  -61.793 buy gate    52.263
2019-05-10 22:51:11 greedy signal buy at 59.469 => 59.48
   59.530  -61.793 buy gate    52.263
2019-05-10 22:51:11 greedy signal buy at 59.48 => 59.53
   61.294  -61.793 buy gate    52.263
2019-05-10 22:51:11 greedy signal buy at 59.53 => 61.294
   60.884  -61.793 buy gate    52.263
2019-05-10 22:51:11 greedy signal buy at 61.294 => 60.884
   61.083  -61.793 buy gate    52.263
2019-05-10 22:51:11 greedy signal buy at 60.884 => 61.083
   60.784  -61.793 buy gate    52.263
2019-05-10 22:51:11 greedy signal buy at 61.083 => 60.784
   61.211  -61.793 buy gate    52.263
2019-05-10 22:51:11 greedy signal buy at 60.784 => 61.211
   60.674  -61.793 buy gate    52.263
2019-05-10 22:51:11 greedy signal buy at 61.211 => 60.674
   59.622  -61.793 buy gate    52.263
2019-05-10 22:51:11 greedy signal buy at 60.674 => 59.622
   60.270  -61.793 buy gate    52.263
2019-05-10 22:51:11 greedy signal buy at 59.622 => 60.27
   59.976  -61.793 buy gate    52.263
2019-05-10 22:51:11 greedy signal buy at 60.27 => 59.976
   59.775  -61.793 buy gate    52.263
2019-05-10 22:51:11 greedy signal buy at 59.976 => 59.775
   60.266  -61.793 buy gate    52.263
2019-05-10 22:51:11 greedy signal buy at 59.775 => 60.266
   60.687  -61.793 buy gate    52.263
2019-05-10 22:51:11 greedy signal buy at 60.266 => 60.687
   60.010  -61.793 buy gate    52.263
2019-05-10 22:51:11 greedy signal buy at 60.687 => 60.01
   59.939  -61.793 buy gate    52.263
2019-05-10 22:51:11 greedy signal buy at 60.01 => 59.939
   59.020  -61.793 buy gate    52.263
2019-05-10 22:51:11 greedy signal buy at 59.939 => 59.02
   59.354  -61.793 buy gate    52.263
2019-05-10 22:51:11 greedy signal buy at 59.02 => 59.354
   59.734  -61.793 buy gate    52.263
2019-05-10 22:51:11 greedy signal buy at 59.354 => 59.734
   59.230  -61.793 buy gate    52.263
2019-05-10 22:51:11 greedy signal buy at 59.734 => 59.23
   58.960  -61.793 buy gate    52.263
2019-05-10 22:51:11 greedy signal buy at 59.23 => 58.96
   58.693  -61.793 buy gate    52.263
2019-05-10 22:51:11 greedy signal buy at 58.96 => 58.693
   58.920  -61.793 buy gate    52.263
2019-05-10 22:51:11 greedy signal buy at 58.693 => 58.92
   58.682  -61.793 buy gate    52.263
2019-05-10 22:51:11 greedy signal buy at 58.92 => 58.682
   59.379  -61.793 buy gate    52.263
2019-05-10 22:51:11 greedy signal buy at 58.682 => 59.379
   60.722  -61.793 buy gate    52.263
2019-05-10 22:51:11 greedy signal buy at 59.379 => 60.722
   60.800  -61.793 buy gate    52.263
2019-05-10 22:51:11 greedy signal buy at 60.722 => 60.8
   61.864  -61.793 buy gate    52.263
2019-05-10 22:51:11  closed at 1553673600000.t2t with 61.8640000
2019-05-10 22:51:11 1553673600000.t2t buy at 61.8640000
   61.730  -61.864 buy gate    52.263
2019-05-10 22:51:11 greedy signal buy at 61.864 => 61.73
   61.856  -61.864 buy gate    52.263
2019-05-10 22:51:11 greedy signal buy at 61.73 => 61.856
   62.250  -61.864 buy gate    52.263
2019-05-10 22:51:11  closed at 1553716800000.t2t with 62.2500000
2019-05-10 22:51:11 1553716800000.t2t buy at 62.2500000
   61.505  -62.250 buy gate    52.263
2019-05-10 22:51:11 greedy signal buy at 62.25 => 61.505
   61.358  -62.250 buy gate    52.263
2019-05-10 22:51:11 greedy signal buy at 61.505 => 61.358
   61.145  -62.250 buy gate    52.263
2019-05-10 22:51:11 greedy signal buy at 61.358 => 61.145
   61.454  -62.250 buy gate    52.263
2019-05-10 22:51:11 greedy signal buy at 61.145 => 61.454
   61.126  -62.250 buy gate    52.263
2019-05-10 22:51:11 greedy signal buy at 61.454 => 61.126
   61.295  -62.250 buy gate    52.263
2019-05-10 22:51:11 greedy signal buy at 61.126 => 61.295
   61.480  -62.250 buy gate    52.263
2019-05-10 22:51:11 greedy signal buy at 61.295 => 61.48
   61.040  -62.250 buy gate    52.263
2019-05-10 22:51:11 greedy signal buy at 61.48 => 61.04
   62.174  -62.250 buy gate    52.263
2019-05-10 22:51:11 greedy signal buy at 61.04 => 62.174
   61.795  -62.250 buy gate    52.263
2019-05-10 22:51:11 greedy signal buy at 62.174 => 61.795
   61.781  -62.250 buy gate    52.263
2019-05-10 22:51:11 greedy signal buy at 61.795 => 61.781
   62.148  -62.250 buy gate    52.263
2019-05-10 22:51:11 greedy signal buy at 61.781 => 62.148
   61.438  -62.250 buy gate    52.263
2019-05-10 22:51:11 greedy signal buy at 62.148 => 61.438
   61.528  -62.250 buy gate    52.263
2019-05-10 22:51:11 greedy signal buy at 61.438 => 61.528
   61.572  -62.250 buy gate    52.263
2019-05-10 22:51:11 greedy signal buy at 61.528 => 61.572
   61.240  -62.250 buy gate    52.263
2019-05-10 22:51:11 greedy signal buy at 61.572 => 61.24
   61.127  -62.250 buy gate    52.263
2019-05-10 22:51:11 greedy signal buy at 61.24 => 61.127
   61.319  -62.250 buy gate    52.263
2019-05-10 22:51:11 greedy signal buy at 61.127 => 61.319
   61.079  -62.250 buy gate    52.263
2019-05-10 22:51:11 greedy signal buy at 61.319 => 61.079
   60.930  -62.250 buy gate    52.263
2019-05-10 22:51:11 greedy signal buy at 61.079 => 60.93
   61.563  -62.250 buy gate    52.263
2019-05-10 22:51:11 greedy signal buy at 60.93 => 61.563
   61.178  -62.250 buy gate    52.263
2019-05-10 22:51:11 greedy signal buy at 61.563 => 61.178
   61.444  -62.250 buy gate    52.263
2019-05-10 22:51:11 greedy signal buy at 61.178 => 61.444
   61.433  -62.250 buy gate    52.263
2019-05-10 22:51:11 greedy signal buy at 61.444 => 61.433
   61.570  -62.250 buy gate    52.263
2019-05-10 22:51:11 greedy signal buy at 61.433 => 61.57
   61.464  -62.250 buy gate    52.263
2019-05-10 22:51:11 greedy signal buy at 61.57 => 61.464
   61.360  -62.250 buy gate    52.263
2019-05-10 22:51:11 greedy signal buy at 61.464 => 61.36
   61.260  -62.250 buy gate    52.263
2019-05-10 22:51:11 greedy signal buy at 61.36 => 61.26
   61.196  -62.250 buy gate    52.263
2019-05-10 22:51:11 greedy signal buy at 61.26 => 61.196
   61.418  -62.250 buy gate    52.263
2019-05-10 22:51:11 greedy signal buy at 61.196 => 61.418
   61.373  -62.250 buy gate    52.263
2019-05-10 22:51:11 greedy signal buy at 61.418 => 61.373
   69.420  -62.250 buy gate    52.263
2019-05-10 22:51:11  closed at 1554177600000.t2t with 69.4200000
2019-05-10 22:51:11 1554177600000.t2t buy at 69.4200000
   70.082  -69.420 buy gate    52.263
2019-05-10 22:51:11  closed at 1554192000000.t2t with 70.0820000
2019-05-10 22:51:11 1554192000000.t2t buy at 70.0820000
   72.275  -70.082 buy gate    52.263
2019-05-10 22:51:11  closed at 1554206400000.t2t with 72.2750000
2019-05-10 22:51:11 1554206400000.t2t buy at 72.2750000
   74.715  -72.275 buy gate    52.263
2019-05-10 22:51:11  closed at 1554220800000.t2t with 74.7150000
2019-05-10 22:51:11 1554220800000.t2t buy at 74.7150000
   79.451  -74.715 buy gate    52.263
2019-05-10 22:51:11  closed at 1554235200000.t2t with 79.4510000
2019-05-10 22:51:11 1554235200000.t2t buy at 79.4510000
   85.289  -79.451 buy gate    52.263
2019-05-10 22:51:11  closed at 1554249600000.t2t with 85.2890000
2019-05-10 22:51:11 1554249600000.t2t buy at 85.2890000
   84.105  -85.289 buy gate    52.263
2019-05-10 22:51:11 greedy signal buy at 85.289 => 84.105
   85.781  -85.289 buy gate    52.263
2019-05-10 22:51:11  closed at 1554278400000.t2t with 85.7810000
2019-05-10 22:51:11 1554278400000.t2t buy at 85.7810000
   90.731  -85.781 buy gate    52.263
2019-05-10 22:51:11  closed at 1554292800000.t2t with 90.7310000
2019-05-10 22:51:11 1554292800000.t2t buy at 90.7310000
   98.577  -90.731 buy gate    52.263
2019-05-10 22:51:11  closed at 1554307200000.t2t with 98.5770000
2019-05-10 22:51:11 1554307200000.t2t buy at 98.5770000
   89.106  -98.577 buy gate    52.263
2019-05-10 22:51:11  closed at 1554321600000.t2t with 89.1060000
2019-05-10 22:51:11 1554321600000.t2t sell at 89.1060000
 -89.530    89.106 sell gate    52.263
2019-05-10 22:51:11  closed at 1554336000000.t2t with 89.5300000
2019-05-10 22:51:11 1554336000000.t2t buy at 89.5300000
   91.321  -89.530 buy gate    89.106
2019-05-10 22:51:11  closed at 1554350400000.t2t with 91.3210000
2019-05-10 22:51:11 1554350400000.t2t buy at 91.3210000
   90.520  -91.321 buy gate    89.106
2019-05-10 22:51:11 greedy signal buy at 91.321 => 90.52
   90.500  -91.321 buy gate    89.106
2019-05-10 22:51:11 greedy signal buy at 90.52 => 90.5
   85.340  -91.321 buy gate    89.106
2019-05-10 22:51:11  closed at 1554393600000.t2t with 85.3400000
2019-05-10 22:51:11 1554393600000.t2t sell at 85.3400000
 -89.248    85.340 sell gate    91.321
2019-05-10 22:51:11 greedy signal sell at 85.34 => 89.248
 -88.887    85.340 sell gate    91.321
2019-05-10 22:51:11 greedy signal sell at 89.248 => 88.887
 -91.233    85.340 sell gate    91.321
2019-05-10 22:51:11  closed at 1554436800000.t2t with 91.2330000
2019-05-10 22:51:11 1554436800000.t2t buy at 91.2330000
   92.340  -91.233 buy gate    91.321
2019-05-10 22:51:11  closed at 1554451200000.t2t with 92.3400000
2019-05-10 22:51:11 1554451200000.t2t buy at 92.3400000
   91.485  -92.340 buy gate    91.321
2019-05-10 22:51:11 greedy signal buy at 92.34 => 91.485
   92.119  -92.340 buy gate    91.321
2019-05-10 22:51:11 greedy signal buy at 91.485 => 92.119
   93.197  -92.340 buy gate    91.321
2019-05-10 22:51:11  closed at 1554494400000.t2t with 93.1970000
2019-05-10 22:51:11 1554494400000.t2t buy at 93.1970000
   92.289  -93.197 buy gate    91.321
2019-05-10 22:51:11 greedy signal buy at 93.197 => 92.289
   92.098  -93.197 buy gate    91.321
2019-05-10 22:51:11 greedy signal buy at 92.289 => 92.098
   91.883  -93.197 buy gate    91.321
2019-05-10 22:51:11 greedy signal buy at 92.098 => 91.883
  100.175  -93.197 buy gate    91.321
2019-05-10 22:51:11  closed at 1554552000000.t2t with 100.1750000
2019-05-10 22:51:11 1554552000000.t2t buy at 100.1750000
  100.628 -100.175 buy gate    91.321
2019-05-10 22:51:11  closed at 1554566400000.t2t with 100.6280000
2019-05-10 22:51:11 1554566400000.t2t buy at 100.6280000
   97.405 -100.628 buy gate    91.321
2019-05-10 22:51:11 greedy signal buy at 100.628 => 97.405
   98.619 -100.628 buy gate    91.321
2019-05-10 22:51:11 greedy signal buy at 97.405 => 98.619
   98.312 -100.628 buy gate    91.321
2019-05-10 22:51:11 greedy signal buy at 98.619 => 98.312
   97.762 -100.628 buy gate    91.321
2019-05-10 22:51:11 greedy signal buy at 98.312 => 97.762
   96.013 -100.628 buy gate    91.321
2019-05-10 22:51:11 greedy signal buy at 97.762 => 96.013
   97.491 -100.628 buy gate    91.321
2019-05-10 22:51:11 greedy signal buy at 96.013 => 97.491
   96.540 -100.628 buy gate    91.321
2019-05-10 22:51:11 greedy signal buy at 97.491 => 96.54
   97.304 -100.628 buy gate    91.321
2019-05-10 22:51:11 greedy signal buy at 96.54 => 97.304
   93.770 -100.628 buy gate    91.321
2019-05-10 22:51:11 greedy signal buy at 97.304 => 93.77
   91.408 -100.628 buy gate    91.321
2019-05-10 22:51:11  closed at 1554710400000.t2t with 91.4080000
2019-05-10 22:51:11 1554710400000.t2t sell at 91.4080000
 -93.410    91.408 sell gate    91.321
2019-05-10 22:51:11  closed at 1554724800000.t2t with 93.4100000
2019-05-10 22:51:11 1554724800000.t2t buy at 93.4100000
   92.002  -93.410 buy gate    91.408
2019-05-10 22:51:11 greedy signal buy at 93.41 => 92.002
   93.480  -93.410 buy gate    91.408
2019-05-10 22:51:11  closed at 1554753600000.t2t with 93.4800000
2019-05-10 22:51:11 1554753600000.t2t buy at 93.4800000
   91.215  -93.480 buy gate    91.408
2019-05-10 22:51:11  closed at 1554768000000.t2t with 91.2150000
2019-05-10 22:51:11 1554768000000.t2t sell at 91.2150000
 -90.358    91.215 sell gate    93.480
2019-05-10 22:51:11  closed at 1554782400000.t2t with 90.3580000
2019-05-10 22:51:11 1554782400000.t2t sell at 90.3580000
 -93.531    90.358 sell gate    93.480
2019-05-10 22:51:11  closed at 1554796800000.t2t with 93.5310000
2019-05-10 22:51:11 1554796800000.t2t buy at 93.5310000
   91.381  -93.531 buy gate    90.358
2019-05-10 22:51:11 greedy signal buy at 93.531 => 91.381
   91.408  -93.531 buy gate    90.358
2019-05-10 22:51:11 greedy signal buy at 91.381 => 91.408
   91.357  -93.531 buy gate    90.358
2019-05-10 22:51:11 greedy signal buy at 91.408 => 91.357
   92.390  -93.531 buy gate    90.358
2019-05-10 22:51:11 greedy signal buy at 91.357 => 92.39
   92.500  -93.531 buy gate    90.358
2019-05-10 22:51:11 greedy signal buy at 92.39 => 92.5
   91.900  -93.531 buy gate    90.358
2019-05-10 22:51:11 greedy signal buy at 92.5 => 91.9
   92.406  -93.531 buy gate    90.358
2019-05-10 22:51:11 greedy signal buy at 91.9 => 92.406
   94.065  -93.531 buy gate    90.358
2019-05-10 22:51:11  closed at 1554912000000.t2t with 94.0650000
2019-05-10 22:51:11 1554912000000.t2t buy at 94.0650000
   92.237  -94.065 buy gate    90.358
2019-05-10 22:51:11 greedy signal buy at 94.065 => 92.237
   88.747  -94.065 buy gate    90.358
2019-05-10 22:51:11  closed at 1554940800000.t2t with 88.7470000
2019-05-10 22:51:11 1554940800000.t2t sell at 88.7470000
 -87.630    88.747 sell gate    94.065
2019-05-10 22:51:11  closed at 1554955200000.t2t with 87.6300000
2019-05-10 22:51:11 1554955200000.t2t sell at 87.6300000
 -79.780    87.630 sell gate    94.065
2019-05-10 22:51:11  closed at 1554969600000.t2t with 79.7800000
2019-05-10 22:51:11 1554969600000.t2t sell at 79.7800000
 -79.275    79.780 sell gate    94.065
2019-05-10 22:51:11  closed at 1554984000000.t2t with 79.2750000
2019-05-10 22:51:11 1554984000000.t2t sell at 79.2750000
 -80.373    79.275 sell gate    94.065
2019-05-10 22:51:11 greedy signal sell at 79.275 => 80.373
 -80.400    79.275 sell gate    94.065
2019-05-10 22:51:11 greedy signal sell at 80.373 => 80.4
 -80.037    79.275 sell gate    94.065
2019-05-10 22:51:11 greedy signal sell at 80.4 => 80.037
 -79.342    79.275 sell gate    94.065
2019-05-10 22:51:11 greedy signal sell at 80.037 => 79.342
 -81.640    79.275 sell gate    94.065
2019-05-10 22:51:11 greedy signal sell at 79.342 => 81.64
 -80.419    79.275 sell gate    94.065
2019-05-10 22:51:11 greedy signal sell at 81.64 => 80.419
 -80.708    79.275 sell gate    94.065
2019-05-10 22:51:11 greedy signal sell at 80.419 => 80.708
 -80.433    79.275 sell gate    94.065
2019-05-10 22:51:11 greedy signal sell at 80.708 => 80.433
 -82.294    79.275 sell gate    94.065
2019-05-10 22:51:11 greedy signal sell at 80.433 => 82.294
 -80.943    79.275 sell gate    94.065
2019-05-10 22:51:11 greedy signal sell at 82.294 => 80.943
 -77.726    79.275 sell gate    94.065
2019-05-10 22:51:11  closed at 1555142400000.t2t with 77.7260000
2019-05-10 22:51:11 1555142400000.t2t sell at 77.7260000
 -78.774    77.726 sell gate    94.065
2019-05-10 22:51:11 greedy signal sell at 77.726 => 78.774
 -78.647    77.726 sell gate    94.065
2019-05-10 22:51:11 greedy signal sell at 78.774 => 78.647
 -78.906    77.726 sell gate    94.065
2019-05-10 22:51:11 greedy signal sell at 78.647 => 78.906
 -78.400    77.726 sell gate    94.065
2019-05-10 22:51:11 greedy signal sell at 78.906 => 78.4
 -78.429    77.726 sell gate    94.065
2019-05-10 22:51:11 greedy signal sell at 78.4 => 78.429
 -80.242    77.726 sell gate    94.065
2019-05-10 22:51:11 greedy signal sell at 78.429 => 80.242
 -80.196    77.726 sell gate    94.065
2019-05-10 22:51:11 greedy signal sell at 80.242 => 80.196
 -80.550    77.726 sell gate    94.065
2019-05-10 22:51:11 greedy signal sell at 80.196 => 80.55
 -85.913    77.726 sell gate    94.065
2019-05-10 22:51:11  closed at 1555272000000.t2t with 85.9130000
2019-05-10 22:51:11 1555272000000.t2t buy at 85.9130000
   85.573  -85.913 buy gate    94.065
2019-05-10 22:51:11  closed at 1555286400000.t2t with 85.5730000
2019-05-10 22:51:11 1555286400000.t2t sell at 85.5730000
 -85.000    85.573 sell gate    85.913
2019-05-10 22:51:11  closed at 1555300800000.t2t with 85.0000000
2019-05-10 22:51:11 1555300800000.t2t sell at 85.0000000
 -83.086    85.000 sell gate    85.913
2019-05-10 22:51:11  closed at 1555315200000.t2t with 83.0860000
2019-05-10 22:51:11 1555315200000.t2t sell at 83.0860000
 -84.471    83.086 sell gate    85.913
2019-05-10 22:51:11 greedy signal sell at 83.086 => 84.471
 -77.795    83.086 sell gate    85.913
2019-05-10 22:51:11  closed at 1555344000000.t2t with 77.7950000
2019-05-10 22:51:11 1555344000000.t2t sell at 77.7950000
 -79.200    77.795 sell gate    85.913
2019-05-10 22:51:11 greedy signal sell at 77.795 => 79.2
 -79.438    77.795 sell gate    85.913
2019-05-10 22:51:11 greedy signal sell at 79.2 => 79.438
 -79.894    77.795 sell gate    85.913
2019-05-10 22:51:11 greedy signal sell at 79.438 => 79.894
 -79.877    77.795 sell gate    85.913
2019-05-10 22:51:11 greedy signal sell at 79.894 => 79.877
 -80.478    77.795 sell gate    85.913
2019-05-10 22:51:11 greedy signal sell at 79.877 => 80.478
 -82.191    77.795 sell gate    85.913
2019-05-10 22:51:11 greedy signal sell at 80.478 => 82.191
 -82.035    77.795 sell gate    85.913
2019-05-10 22:51:11 greedy signal sell at 82.191 => 82.035
 -81.999    77.795 sell gate    85.913
2019-05-10 22:51:11 greedy signal sell at 82.035 => 81.999
 -81.339    77.795 sell gate    85.913
2019-05-10 22:51:11 greedy signal sell at 81.999 => 81.339
 -81.211    77.795 sell gate    85.913
2019-05-10 22:51:11 greedy signal sell at 81.339 => 81.211
 -80.247    77.795 sell gate    85.913
2019-05-10 22:51:11 greedy signal sell at 81.211 => 80.247
 -80.926    77.795 sell gate    85.913
2019-05-10 22:51:11 greedy signal sell at 80.247 => 80.926
 -80.300    77.795 sell gate    85.913
2019-05-10 22:51:11 greedy signal sell at 80.926 => 80.3
 -82.503    77.795 sell gate    85.913
2019-05-10 22:51:11 greedy signal sell at 80.3 => 82.503
 -82.566    77.795 sell gate    85.913
2019-05-10 22:51:12 greedy signal sell at 82.503 => 82.566
 -81.779    77.795 sell gate    85.913
2019-05-10 22:51:12 greedy signal sell at 82.566 => 81.779
 -82.060    77.795 sell gate    85.913
2019-05-10 22:51:12 greedy signal sell at 81.779 => 82.06
 -84.662    77.795 sell gate    85.913
2019-05-10 22:51:12  closed at 1555603200000.t2t with 84.6620000
2019-05-10 22:51:12 1555603200000.t2t buy at 84.6620000
   83.768  -84.662 buy gate    85.913
2019-05-10 22:51:12  closed at 1555617600000.t2t with 83.7680000
2019-05-10 22:51:12 1555617600000.t2t sell at 83.7680000
 -82.525    83.768 sell gate    84.662
2019-05-10 22:51:12  closed at 1555632000000.t2t with 82.5250000
2019-05-10 22:51:12 1555632000000.t2t sell at 82.5250000
 -83.188    82.525 sell gate    84.662
2019-05-10 22:51:12 greedy signal sell at 82.525 => 83.188
 -83.263    82.525 sell gate    84.662
2019-05-10 22:51:12 greedy signal sell at 83.188 => 83.263
 -84.652    82.525 sell gate    84.662
2019-05-10 22:51:12 greedy signal sell at 83.263 => 84.652
 -83.927    82.525 sell gate    84.662
2019-05-10 22:51:12 greedy signal sell at 84.652 => 83.927
 -84.127    82.525 sell gate    84.662
2019-05-10 22:51:12 greedy signal sell at 83.927 => 84.127
 -83.940    82.525 sell gate    84.662
2019-05-10 22:51:12 greedy signal sell at 84.127 => 83.94
 -84.180    82.525 sell gate    84.662
2019-05-10 22:51:12 greedy signal sell at 83.94 => 84.18
 -82.946    82.525 sell gate    84.662
2019-05-10 22:51:12 greedy signal sell at 84.18 => 82.946
 -83.100    82.525 sell gate    84.662
2019-05-10 22:51:12 greedy signal sell at 82.946 => 83.1
 -82.693    82.525 sell gate    84.662
2019-05-10 22:51:12 greedy signal sell at 83.1 => 82.693
 -83.338    82.525 sell gate    84.662
2019-05-10 22:51:12 greedy signal sell at 82.693 => 83.338
 -83.318    82.525 sell gate    84.662
2019-05-10 22:51:12 greedy signal sell at 83.338 => 83.318
 -82.234    82.525 sell gate    84.662
2019-05-10 22:51:12  closed at 1555819200000.t2t with 82.2340000
2019-05-10 22:51:12 1555819200000.t2t sell at 82.2340000
 -75.603    82.234 sell gate    84.662
2019-05-10 22:51:12  closed at 1555833600000.t2t with 75.6030000
2019-05-10 22:51:12 1555833600000.t2t sell at 75.6030000
 -76.259    75.603 sell gate    84.662
2019-05-10 22:51:12 greedy signal sell at 75.603 => 76.259
 -75.951    75.603 sell gate    84.662
2019-05-10 22:51:12 greedy signal sell at 76.259 => 75.951
 -77.347    75.603 sell gate    84.662
2019-05-10 22:51:12 greedy signal sell at 75.951 => 77.347
 -76.090    75.603 sell gate    84.662
2019-05-10 22:51:12 greedy signal sell at 77.347 => 76.09
 -76.521    75.603 sell gate    84.662
2019-05-10 22:51:12 greedy signal sell at 76.09 => 76.521
 -77.804    75.603 sell gate    84.662
2019-05-10 22:51:12 greedy signal sell at 76.521 => 77.804
 -77.107    75.603 sell gate    84.662
2019-05-10 22:51:12 greedy signal sell at 77.804 => 77.107
 -78.345    75.603 sell gate    84.662
2019-05-10 22:51:12 greedy signal sell at 77.107 => 78.345
 -77.500    75.603 sell gate    84.662
2019-05-10 22:51:12 greedy signal sell at 78.345 => 77.5
 -77.434    75.603 sell gate    84.662
2019-05-10 22:51:12 greedy signal sell at 77.5 => 77.434
 -79.437    75.603 sell gate    84.662
2019-05-10 22:51:12 greedy signal sell at 77.434 => 79.437
 -78.739    75.603 sell gate    84.662
2019-05-10 22:51:12 greedy signal sell at 79.437 => 78.739
 -78.242    75.603 sell gate    84.662
2019-05-10 22:51:12 greedy signal sell at 78.739 => 78.242
 -78.283    75.603 sell gate    84.662
2019-05-10 22:51:12 greedy signal sell at 78.242 => 78.283
 -74.496    75.603 sell gate    84.662
2019-05-10 22:51:12  closed at 1556049600000.t2t with 74.4960000
2019-05-10 22:51:12 1556049600000.t2t sell at 74.4960000
 -73.727    74.496 sell gate    84.662
2019-05-10 22:51:12  closed at 1556064000000.t2t with 73.7270000
2019-05-10 22:51:12 1556064000000.t2t sell at 73.7270000
 -71.707    73.727 sell gate    84.662
2019-05-10 22:51:12  closed at 1556078400000.t2t with 71.7070000
2019-05-10 22:51:12 1556078400000.t2t sell at 71.7070000
 -71.771    71.707 sell gate    84.662
2019-05-10 22:51:12 greedy signal sell at 71.707 => 71.771
 -71.760    71.707 sell gate    84.662
2019-05-10 22:51:12 greedy signal sell at 71.771 => 71.76
 -71.224    71.707 sell gate    84.662
2019-05-10 22:51:12  closed at 1556121600000.t2t with 71.2240000
2019-05-10 22:51:12 1556121600000.t2t sell at 71.2240000
 -72.585    71.224 sell gate    84.662
2019-05-10 22:51:12 greedy signal sell at 71.224 => 72.585
 -72.740    71.224 sell gate    84.662
2019-05-10 22:51:12 greedy signal sell at 72.585 => 72.74
 -72.396    71.224 sell gate    84.662
2019-05-10 22:51:12 greedy signal sell at 72.74 => 72.396
 -73.971    71.224 sell gate    84.662
2019-05-10 22:51:12 greedy signal sell at 72.396 => 73.971
 -73.719    71.224 sell gate    84.662
2019-05-10 22:51:12 greedy signal sell at 73.971 => 73.719
 -73.558    71.224 sell gate    84.662
2019-05-10 22:51:12 greedy signal sell at 73.719 => 73.558
 -70.969    71.224 sell gate    84.662
2019-05-10 22:51:12  closed at 1556222400000.t2t with 70.9690000
2019-05-10 22:51:12 1556222400000.t2t sell at 70.9690000
 -72.711    70.969 sell gate    84.662
2019-05-10 22:51:12 greedy signal sell at 70.969 => 72.711
 -72.048    70.969 sell gate    84.662
2019-05-10 22:51:12 greedy signal sell at 72.711 => 72.048
 -71.917    70.969 sell gate    84.662
2019-05-10 22:51:12 greedy signal sell at 72.048 => 71.917
 -71.645    70.969 sell gate    84.662
2019-05-10 22:51:12 greedy signal sell at 71.917 => 71.645
 -71.558    70.969 sell gate    84.662
2019-05-10 22:51:12 greedy signal sell at 71.645 => 71.558
 -72.683    70.969 sell gate    84.662
2019-05-10 22:51:12 greedy signal sell at 71.558 => 72.683
 -72.130    70.969 sell gate    84.662
2019-05-10 22:51:12 greedy signal sell at 72.683 => 72.13
 -72.219    70.969 sell gate    84.662
2019-05-10 22:51:12 greedy signal sell at 72.13 => 72.219
 -71.643    70.969 sell gate    84.662
2019-05-10 22:51:12 greedy signal sell at 72.219 => 71.643
 -71.813    70.969 sell gate    84.662
2019-05-10 22:51:12 greedy signal sell at 71.643 => 71.813
 -71.780    70.969 sell gate    84.662
2019-05-10 22:51:12 greedy signal sell at 71.813 => 71.78
 -71.059    70.969 sell gate    84.662
2019-05-10 22:51:12 greedy signal sell at 71.78 => 71.059
 -71.044    70.969 sell gate    84.662
2019-05-10 22:51:12 greedy signal sell at 71.059 => 71.044
 -70.688    70.969 sell gate    84.662
2019-05-10 22:51:12  closed at 1556424000000.t2t with 70.6880000
2019-05-10 22:51:12 1556424000000.t2t sell at 70.6880000
 -71.039    70.688 sell gate    84.662
2019-05-10 22:51:12 greedy signal sell at 70.688 => 71.039
 -68.633    70.688 sell gate    84.662
2019-05-10 22:51:12  closed at 1556452800000.t2t with 68.6330000
2019-05-10 22:51:12 1556452800000.t2t sell at 68.6330000
 -67.286    68.633 sell gate    84.662
2019-05-10 22:51:12  closed at 1556467200000.t2t with 67.2860000
2019-05-10 22:51:12 1556467200000.t2t sell at 67.2860000
 -67.709    67.286 sell gate    84.662
2019-05-10 22:51:12 greedy signal sell at 67.286 => 67.709
 -68.144    67.286 sell gate    84.662
2019-05-10 22:51:12 greedy signal sell at 67.709 => 68.144
 -67.776    67.286 sell gate    84.662
2019-05-10 22:51:12 greedy signal sell at 68.144 => 67.776
 -66.901    67.286 sell gate    84.662
2019-05-10 22:51:12  closed at 1556524800000.t2t with 66.9010000
2019-05-10 22:51:12 1556524800000.t2t sell at 66.9010000
 -65.967    66.901 sell gate    84.662
2019-05-10 22:51:12  closed at 1556539200000.t2t with 65.9670000
2019-05-10 22:51:12 1556539200000.t2t sell at 65.9670000
 -66.541    65.967 sell gate    84.662
2019-05-10 22:51:12 greedy signal sell at 65.967 => 66.541

