2019-05-11 23:51:02 1547395200000.t2t sell at 28.5340000
 -28.364    28.534 sell gate    38.088
2019-05-11 23:51:02  closed at 1547409600000.t2t with 28.3640000
2019-05-11 23:51:02 1547409600000.t2t sell at 28.3640000
 -28.697    28.364 sell gate    38.088
2019-05-11 23:51:02 greedy signal sell at 28.364 => 28.697 (holding)
 -28.705    28.364 sell gate    38.088
2019-05-11 23:51:02 greedy signal sell at 28.697 => 28.705 (holding)
 -28.603    28.364 sell gate    38.088
2019-05-11 23:51:02 greedy signal sell at 28.705 => 28.603 (holding)
 -30.882    28.364 sell gate    38.088
2019-05-11 23:51:02 greedy signal sell at 28.603 => 30.882 (holding)
 -30.685    28.364 sell gate    38.088
2019-05-11 23:51:02  closed at 1547481600000.t2t with 30.6850000
2019-05-11 23:51:02 greedy signal sell at 30.882 => 30.685 (forced closed)
2019-05-11 23:51:02 1547481600000.t2t sell at 30.6850000 #此处爆仓后，open_start_price 更新有误
 -30.570    30.685 sell gate    28.364
2019-05-11 23:51:02  closed at 1547496000000.t2t with 30.5700000
2019-05-11 23:51:02 1547496000000.t2t sell at 30.5700000
 -30.763    30.570 sell gate    28.364
2019-05-11 23:51:02  closed at 1547510400000.t2t with 30.7630000

